[2021-11-21T10:22:53.430902+01:00] VideoClubLogger-2.INFO: Incluído soporte 0 [{"Dwes\\ProyectoVideoClub\\Juego":{"consola":"PS4","titulo":"God of War","alquilado":false}}] []
[2021-11-21T10:22:53.542528+01:00] VideoClubLogger-2.INFO: Incluído soporte 1 [{"Dwes\\ProyectoVideoClub\\Juego":{"consola":"PS4","titulo":"The Last of Us Part II","alquilado":false}}] []
[2021-11-21T10:22:53.562908+01:00] VideoClubLogger-2.INFO: Incluído soporte 2 [{"Dwes\\ProyectoVideoClub\\Dvd":{"idiomas":"es","titulo":"Torrente","alquilado":false}}] []
[2021-11-21T10:22:53.563771+01:00] VideoClubLogger-2.INFO: Incluído soporte 3 [{"Dwes\\ProyectoVideoClub\\Dvd":{"idiomas":"es,en,fr","titulo":"Origen","alquilado":false}}] []
[2021-11-21T10:22:53.564320+01:00] VideoClubLogger-2.INFO: Incluído soporte 4 [{"Dwes\\ProyectoVideoClub\\Dvd":{"idiomas":"es,en","titulo":"El Imperio Contraataca","alquilado":false}}] []
[2021-11-21T10:22:53.584255+01:00] VideoClubLogger-2.INFO: Incluído soporte 5 [{"Dwes\\ProyectoVideoClub\\CintaVideo":{"titulo":"Los cazafantasmas","alquilado":false}}] []
[2021-11-21T10:22:53.584875+01:00] VideoClubLogger-2.INFO: Incluído soporte 6 [{"Dwes\\ProyectoVideoClub\\CintaVideo":{"titulo":"El nombre de la Rosa","alquilado":false}}] []
[2021-11-21T10:22:53.585367+01:00] VideoClubLogger-2.INFO: Incluído soporte 7 [{"Dwes\\ProyectoVideoClub\\Juego":{"consola":"SW","titulo":"Smash Bros","alquilado":false}}] []
[2021-11-21T10:22:53.603787+01:00] VideoClubLogger-2.INFO: Incluído socio 0 [{"Dwes\\ProyectoVideoClub\\Cliente":{"nombre":"Amancio Ortega"}}] []
[2021-11-21T10:22:53.604432+01:00] VideoClubLogger-2.INFO: Incluído socio 1 [{"Dwes\\ProyectoVideoClub\\Cliente":{"nombre":"Pablo Picasso"}}] []
[2021-11-21T10:22:53.605038+01:00] VideoClubLogger-2.INFO: Incluído socio 2 [{"Dwes\\ProyectoVideoClub\\Cliente":{"nombre":"Cliente Feliz"}}] []
[2021-11-21T10:22:53.654262+01:00] VideoclubLogger.WARNING: Dwes\ProyectoVideoClub\Util\SoporteNoEncontradoException: No tienes alquilada esta peli cari ;D in /var/www/html/app/Dwes/ProyectoVideoClub/Cliente.php:135 Stack trace: #0 /var/www/html/inicio3.php(30): Dwes\ProyectoVideoClub\Cliente->devolver(1) #1 /var/www/html/mainAdmin.php(17): include_once('/var/www/html/i...') #2 {main} [] []
[2021-11-21T10:22:53.656515+01:00] VideoclubLogger.INFO: Alquilado soporte God of War a: Amancio Ortega [] []
[2021-11-21T10:22:53.656978+01:00] VideoclubLogger.INFO: Alquilado soporte Smash Bros a: Amancio Ortega [] []
[2021-11-21T10:22:53.657428+01:00] VideoClubLogger-2.WARNING: Dwes\ProyectoVideoClub\Util\SoporteNoEncontradoException: Soporte no encontrado al realizar el alquiler in /var/www/html/app/Dwes/ProyectoVideoClub/VideoClub.php:145 Stack trace: #0 /var/www/html/inicio3.php(33): Dwes\ProyectoVideoClub\VideoClub->alquilaSocioProducto('0', '8') #1 /var/www/html/mainAdmin.php(17): include_once('/var/www/html/i...') #2 {main} ["0","8"] []
[2021-11-21T10:22:53.681557+01:00] VideoClubLogger-2.WARNING: Dwes\ProyectoVideoClub\Util\SoporteYaAlquiladoException: Upsi está ya cogida cari :S. No quieres alquilar Salva a Willy ;D <br> in /var/www/html/app/Dwes/ProyectoVideoClub/VideoClub.php:148 Stack trace: #0 /var/www/html/inicio3.php(34): Dwes\ProyectoVideoClub\VideoClub->alquilaSocioProducto('1', '7') #1 /var/www/html/mainAdmin.php(17): include_once('/var/www/html/i...') #2 {main} ["1","7"] []
[2021-11-21T10:22:53.682188+01:00] VideoClubLogger-2.WARNING: Dwes\ProyectoVideoClub\Util\SoporteYaAlquiladoException: El alquiler múltiple de estos productos no puede ser completado porque 7está alquilado in /var/www/html/app/Dwes/ProyectoVideoClub/VideoClub.php:175 Stack trace: #0 /var/www/html/inicio3.php(35): Dwes\ProyectoVideoClub\VideoClub->alquilarSocioProductos('0', Array) #1 /var/www/html/mainAdmin.php(17): include_once('/var/www/html/i...') #2 {main} [{"Dwes\\ProyectoVideoClub\\Cliente":{"nombre":"Amancio Ortega"}},[7,0],7] []
[2021-11-21T10:24:02.769608+01:00] VideoClubLogger-2.INFO: Incluído soporte 0 [{"Dwes\\ProyectoVideoClub\\Juego":{"consola":"PS4","titulo":"God of War","alquilado":false}}] []
[2021-11-21T10:24:02.796335+01:00] VideoClubLogger-2.INFO: Incluído soporte 1 [{"Dwes\\ProyectoVideoClub\\Juego":{"consola":"PS4","titulo":"The Last of Us Part II","alquilado":false}}] []
[2021-11-21T10:24:02.840985+01:00] VideoClubLogger-2.INFO: Incluído soporte 2 [{"Dwes\\ProyectoVideoClub\\Dvd":{"idiomas":"es","titulo":"Torrente","alquilado":false}}] []
[2021-11-21T10:24:02.842024+01:00] VideoClubLogger-2.INFO: Incluído soporte 3 [{"Dwes\\ProyectoVideoClub\\Dvd":{"idiomas":"es,en,fr","titulo":"Origen","alquilado":false}}] []
[2021-11-21T10:24:02.843170+01:00] VideoClubLogger-2.INFO: Incluído soporte 4 [{"Dwes\\ProyectoVideoClub\\Dvd":{"idiomas":"es,en","titulo":"El Imperio Contraataca","alquilado":false}}] []
[2021-11-21T10:24:02.885183+01:00] VideoClubLogger-2.INFO: Incluído soporte 5 [{"Dwes\\ProyectoVideoClub\\CintaVideo":{"titulo":"Los cazafantasmas","alquilado":false}}] []
[2021-11-21T10:24:02.886493+01:00] VideoClubLogger-2.INFO: Incluído soporte 6 [{"Dwes\\ProyectoVideoClub\\CintaVideo":{"titulo":"El nombre de la Rosa","alquilado":false}}] []
[2021-11-21T10:24:02.887684+01:00] VideoClubLogger-2.INFO: Incluído soporte 7 [{"Dwes\\ProyectoVideoClub\\Juego":{"consola":"SW","titulo":"Smash Bros","alquilado":false}}] []
[2021-11-21T10:24:22.816936+01:00] VideoClubLogger-2.INFO: Incluído soporte 0 [{"Dwes\\ProyectoVideoClub\\Juego":{"consola":"PS4","titulo":"God of War","alquilado":false}}] []
[2021-11-21T10:24:22.836071+01:00] VideoClubLogger-2.INFO: Incluído soporte 1 [{"Dwes\\ProyectoVideoClub\\Juego":{"consola":"PS4","titulo":"The Last of Us Part II","alquilado":false}}] []
[2021-11-21T10:24:22.880392+01:00] VideoClubLogger-2.INFO: Incluído soporte 2 [{"Dwes\\ProyectoVideoClub\\Dvd":{"idiomas":"es","titulo":"Torrente","alquilado":false}}] []
[2021-11-21T10:24:22.881851+01:00] VideoClubLogger-2.INFO: Incluído soporte 3 [{"Dwes\\ProyectoVideoClub\\Dvd":{"idiomas":"es,en,fr","titulo":"Origen","alquilado":false}}] []
[2021-11-21T10:24:22.882976+01:00] VideoClubLogger-2.INFO: Incluído soporte 4 [{"Dwes\\ProyectoVideoClub\\Dvd":{"idiomas":"es,en","titulo":"El Imperio Contraataca","alquilado":false}}] []
[2021-11-21T10:24:22.926147+01:00] VideoClubLogger-2.INFO: Incluído soporte 5 [{"Dwes\\ProyectoVideoClub\\CintaVideo":{"titulo":"Los cazafantasmas","alquilado":false}}] []
[2021-11-21T10:24:22.927326+01:00] VideoClubLogger-2.INFO: Incluído soporte 6 [{"Dwes\\ProyectoVideoClub\\CintaVideo":{"titulo":"El nombre de la Rosa","alquilado":false}}] []
[2021-11-21T10:24:22.928451+01:00] VideoClubLogger-2.INFO: Incluído soporte 7 [{"Dwes\\ProyectoVideoClub\\Juego":{"consola":"SW","titulo":"Smash Bros","alquilado":false}}] []
[2021-11-21T10:25:04.448781+01:00] VideoClubLogger-2.INFO: Incluído soporte 0 [{"Dwes\\ProyectoVideoClub\\Juego":{"consola":"PS4","titulo":"God of War","alquilado":false}}] []
[2021-11-21T10:25:04.468698+01:00] VideoClubLogger-2.INFO: Incluído soporte 1 [{"Dwes\\ProyectoVideoClub\\Juego":{"consola":"PS4","titulo":"The Last of Us Part II","alquilado":false}}] []
[2021-11-21T10:25:04.499646+01:00] VideoClubLogger-2.INFO: Incluído soporte 2 [{"Dwes\\ProyectoVideoClub\\Dvd":{"idiomas":"es","titulo":"Torrente","alquilado":false}}] []
[2021-11-21T10:25:04.500481+01:00] VideoClubLogger-2.INFO: Incluído soporte 3 [{"Dwes\\ProyectoVideoClub\\Dvd":{"idiomas":"es,en,fr","titulo":"Origen","alquilado":false}}] []
[2021-11-21T10:25:04.501240+01:00] VideoClubLogger-2.INFO: Incluído soporte 4 [{"Dwes\\ProyectoVideoClub\\Dvd":{"idiomas":"es,en","titulo":"El Imperio Contraataca","alquilado":false}}] []
[2021-11-21T10:25:04.530576+01:00] VideoClubLogger-2.INFO: Incluído soporte 5 [{"Dwes\\ProyectoVideoClub\\CintaVideo":{"titulo":"Los cazafantasmas","alquilado":false}}] []
[2021-11-21T10:25:04.531342+01:00] VideoClubLogger-2.INFO: Incluído soporte 6 [{"Dwes\\ProyectoVideoClub\\CintaVideo":{"titulo":"El nombre de la Rosa","alquilado":false}}] []
[2021-11-21T10:25:04.532042+01:00] VideoClubLogger-2.INFO: Incluído soporte 7 [{"Dwes\\ProyectoVideoClub\\Juego":{"consola":"SW","titulo":"Smash Bros","alquilado":false}}] []
[2021-11-21T10:25:55.346969+01:00] VideoClubLogger-2.INFO: Incluído soporte 0 [{"Dwes\\ProyectoVideoClub\\Juego":{"consola":"PS4","titulo":"God of War","alquilado":false}}] []
[2021-11-21T10:25:55.361992+01:00] VideoClubLogger-2.INFO: Incluído soporte 1 [{"Dwes\\ProyectoVideoClub\\Juego":{"consola":"PS4","titulo":"The Last of Us Part II","alquilado":false}}] []
[2021-11-21T10:25:55.386938+01:00] VideoClubLogger-2.INFO: Incluído soporte 2 [{"Dwes\\ProyectoVideoClub\\Dvd":{"idiomas":"es","titulo":"Torrente","alquilado":false}}] []
[2021-11-21T10:25:55.387817+01:00] VideoClubLogger-2.INFO: Incluído soporte 3 [{"Dwes\\ProyectoVideoClub\\Dvd":{"idiomas":"es,en,fr","titulo":"Origen","alquilado":false}}] []
[2021-11-21T10:25:55.388536+01:00] VideoClubLogger-2.INFO: Incluído soporte 4 [{"Dwes\\ProyectoVideoClub\\Dvd":{"idiomas":"es,en","titulo":"El Imperio Contraataca","alquilado":false}}] []
[2021-11-21T10:25:55.412618+01:00] VideoClubLogger-2.INFO: Incluído soporte 5 [{"Dwes\\ProyectoVideoClub\\CintaVideo":{"titulo":"Los cazafantasmas","alquilado":false}}] []
[2021-11-21T10:25:55.413381+01:00] VideoClubLogger-2.INFO: Incluído soporte 6 [{"Dwes\\ProyectoVideoClub\\CintaVideo":{"titulo":"El nombre de la Rosa","alquilado":false}}] []
[2021-11-21T10:25:55.413978+01:00] VideoClubLogger-2.INFO: Incluído soporte 7 [{"Dwes\\ProyectoVideoClub\\Juego":{"consola":"SW","titulo":"Smash Bros","alquilado":false}}] []
[2021-11-21T10:26:18.617858+01:00] VideoClubLogger-2.INFO: Incluído soporte 0 [{"Dwes\\ProyectoVideoClub\\Juego":{"consola":"PS4","titulo":"God of War","alquilado":false}}] []
[2021-11-21T10:26:18.633653+01:00] VideoClubLogger-2.INFO: Incluído soporte 1 [{"Dwes\\ProyectoVideoClub\\Juego":{"consola":"PS4","titulo":"The Last of Us Part II","alquilado":false}}] []
[2021-11-21T10:26:18.658770+01:00] VideoClubLogger-2.INFO: Incluído soporte 2 [{"Dwes\\ProyectoVideoClub\\Dvd":{"idiomas":"es","titulo":"Torrente","alquilado":false}}] []
[2021-11-21T10:26:18.659594+01:00] VideoClubLogger-2.INFO: Incluído soporte 3 [{"Dwes\\ProyectoVideoClub\\Dvd":{"idiomas":"es,en,fr","titulo":"Origen","alquilado":false}}] []
[2021-11-21T10:26:18.660238+01:00] VideoClubLogger-2.INFO: Incluído soporte 4 [{"Dwes\\ProyectoVideoClub\\Dvd":{"idiomas":"es,en","titulo":"El Imperio Contraataca","alquilado":false}}] []
[2021-11-21T10:26:18.685698+01:00] VideoClubLogger-2.INFO: Incluído soporte 5 [{"Dwes\\ProyectoVideoClub\\CintaVideo":{"titulo":"Los cazafantasmas","alquilado":false}}] []
[2021-11-21T10:26:18.686564+01:00] VideoClubLogger-2.INFO: Incluído soporte 6 [{"Dwes\\ProyectoVideoClub\\CintaVideo":{"titulo":"El nombre de la Rosa","alquilado":false}}] []
[2021-11-21T10:26:18.687273+01:00] VideoClubLogger-2.INFO: Incluído soporte 7 [{"Dwes\\ProyectoVideoClub\\Juego":{"consola":"SW","titulo":"Smash Bros","alquilado":false}}] []
[2021-11-21T10:26:20.968446+01:00] VideoClubLogger-2.INFO: Incluído soporte 0 [{"Dwes\\ProyectoVideoClub\\Juego":{"consola":"PS4","titulo":"God of War","alquilado":false}}] []
[2021-11-21T10:26:20.985088+01:00] VideoClubLogger-2.INFO: Incluído soporte 1 [{"Dwes\\ProyectoVideoClub\\Juego":{"consola":"PS4","titulo":"The Last of Us Part II","alquilado":false}}] []
[2021-11-21T10:26:21.010147+01:00] VideoClubLogger-2.INFO: Incluído soporte 2 [{"Dwes\\ProyectoVideoClub\\Dvd":{"idiomas":"es","titulo":"Torrente","alquilado":false}}] []
[2021-11-21T10:26:21.011158+01:00] VideoClubLogger-2.INFO: Incluído soporte 3 [{"Dwes\\ProyectoVideoClub\\Dvd":{"idiomas":"es,en,fr","titulo":"Origen","alquilado":false}}] []
[2021-11-21T10:26:21.012062+01:00] VideoClubLogger-2.INFO: Incluído soporte 4 [{"Dwes\\ProyectoVideoClub\\Dvd":{"idiomas":"es,en","titulo":"El Imperio Contraataca","alquilado":false}}] []
[2021-11-21T10:26:21.036747+01:00] VideoClubLogger-2.INFO: Incluído soporte 5 [{"Dwes\\ProyectoVideoClub\\CintaVideo":{"titulo":"Los cazafantasmas","alquilado":false}}] []
[2021-11-21T10:26:21.037664+01:00] VideoClubLogger-2.INFO: Incluído soporte 6 [{"Dwes\\ProyectoVideoClub\\CintaVideo":{"titulo":"El nombre de la Rosa","alquilado":false}}] []
[2021-11-21T10:26:21.038955+01:00] VideoClubLogger-2.INFO: Incluído soporte 7 [{"Dwes\\ProyectoVideoClub\\Juego":{"consola":"SW","titulo":"Smash Bros","alquilado":false}}] []
[2021-11-21T10:26:55.200617+01:00] VideoClubLogger-2.INFO: Incluído soporte 0 [{"Dwes\\ProyectoVideoClub\\Juego":{"consola":"PS4","titulo":"God of War","alquilado":false}}] []
[2021-11-21T10:26:55.216969+01:00] VideoClubLogger-2.INFO: Incluído soporte 1 [{"Dwes\\ProyectoVideoClub\\Juego":{"consola":"PS4","titulo":"The Last of Us Part II","alquilado":false}}] []
[2021-11-21T10:26:55.243099+01:00] VideoClubLogger-2.INFO: Incluído soporte 2 [{"Dwes\\ProyectoVideoClub\\Dvd":{"idiomas":"es","titulo":"Torrente","alquilado":false}}] []
[2021-11-21T10:26:55.243768+01:00] VideoClubLogger-2.INFO: Incluído soporte 3 [{"Dwes\\ProyectoVideoClub\\Dvd":{"idiomas":"es,en,fr","titulo":"Origen","alquilado":false}}] []
[2021-11-21T10:26:55.244418+01:00] VideoClubLogger-2.INFO: Incluído soporte 4 [{"Dwes\\ProyectoVideoClub\\Dvd":{"idiomas":"es,en","titulo":"El Imperio Contraataca","alquilado":false}}] []
[2021-11-21T10:26:55.268588+01:00] VideoClubLogger-2.INFO: Incluído soporte 5 [{"Dwes\\ProyectoVideoClub\\CintaVideo":{"titulo":"Los cazafantasmas","alquilado":false}}] []
[2021-11-21T10:26:55.269245+01:00] VideoClubLogger-2.INFO: Incluído soporte 6 [{"Dwes\\ProyectoVideoClub\\CintaVideo":{"titulo":"El nombre de la Rosa","alquilado":false}}] []
[2021-11-21T10:26:55.269865+01:00] VideoClubLogger-2.INFO: Incluído soporte 7 [{"Dwes\\ProyectoVideoClub\\Juego":{"consola":"SW","titulo":"Smash Bros","alquilado":false}}] []
[2021-11-21T10:27:48.327440+01:00] VideoClubLogger-2.INFO: Incluído soporte 0 [{"Dwes\\ProyectoVideoClub\\Juego":{"consola":"PS4","titulo":"God of War","alquilado":false}}] []
[2021-11-21T10:27:48.344623+01:00] VideoClubLogger-2.INFO: Incluído soporte 1 [{"Dwes\\ProyectoVideoClub\\Juego":{"consola":"PS4","titulo":"The Last of Us Part II","alquilado":false}}] []
[2021-11-21T10:27:48.371537+01:00] VideoClubLogger-2.INFO: Incluído soporte 2 [{"Dwes\\ProyectoVideoClub\\Dvd":{"idiomas":"es","titulo":"Torrente","alquilado":false}}] []
[2021-11-21T10:27:48.372239+01:00] VideoClubLogger-2.INFO: Incluído soporte 3 [{"Dwes\\ProyectoVideoClub\\Dvd":{"idiomas":"es,en,fr","titulo":"Origen","alquilado":false}}] []
[2021-11-21T10:27:48.372958+01:00] VideoClubLogger-2.INFO: Incluído soporte 4 [{"Dwes\\ProyectoVideoClub\\Dvd":{"idiomas":"es,en","titulo":"El Imperio Contraataca","alquilado":false}}] []
[2021-11-21T10:27:48.398867+01:00] VideoClubLogger-2.INFO: Incluído soporte 5 [{"Dwes\\ProyectoVideoClub\\CintaVideo":{"titulo":"Los cazafantasmas","alquilado":false}}] []
[2021-11-21T10:27:48.399985+01:00] VideoClubLogger-2.INFO: Incluído soporte 6 [{"Dwes\\ProyectoVideoClub\\CintaVideo":{"titulo":"El nombre de la Rosa","alquilado":false}}] []
[2021-11-21T10:27:48.400946+01:00] VideoClubLogger-2.INFO: Incluído soporte 7 [{"Dwes\\ProyectoVideoClub\\Juego":{"consola":"SW","titulo":"Smash Bros","alquilado":false}}] []
[2021-11-21T10:28:16.317357+01:00] VideoClubLogger-2.INFO: Incluído soporte 0 [{"Dwes\\ProyectoVideoClub\\Juego":{"consola":"PS4","titulo":"God of War","alquilado":false}}] []
[2021-11-21T10:28:16.333010+01:00] VideoClubLogger-2.INFO: Incluído soporte 1 [{"Dwes\\ProyectoVideoClub\\Juego":{"consola":"PS4","titulo":"The Last of Us Part II","alquilado":false}}] []
[2021-11-21T10:28:16.358226+01:00] VideoClubLogger-2.INFO: Incluído soporte 2 [{"Dwes\\ProyectoVideoClub\\Dvd":{"idiomas":"es","titulo":"Torrente","alquilado":false}}] []
[2021-11-21T10:28:16.358847+01:00] VideoClubLogger-2.INFO: Incluído soporte 3 [{"Dwes\\ProyectoVideoClub\\Dvd":{"idiomas":"es,en,fr","titulo":"Origen","alquilado":false}}] []
[2021-11-21T10:28:16.359421+01:00] VideoClubLogger-2.INFO: Incluído soporte 4 [{"Dwes\\ProyectoVideoClub\\Dvd":{"idiomas":"es,en","titulo":"El Imperio Contraataca","alquilado":false}}] []
[2021-11-21T10:28:16.381373+01:00] VideoClubLogger-2.INFO: Incluído soporte 5 [{"Dwes\\ProyectoVideoClub\\CintaVideo":{"titulo":"Los cazafantasmas","alquilado":false}}] []
[2021-11-21T10:28:16.382041+01:00] VideoClubLogger-2.INFO: Incluído soporte 6 [{"Dwes\\ProyectoVideoClub\\CintaVideo":{"titulo":"El nombre de la Rosa","alquilado":false}}] []
[2021-11-21T10:28:16.382588+01:00] VideoClubLogger-2.INFO: Incluído soporte 7 [{"Dwes\\ProyectoVideoClub\\Juego":{"consola":"SW","titulo":"Smash Bros","alquilado":false}}] []
[2021-11-21T10:28:33.303638+01:00] VideoClubLogger-2.INFO: Incluído soporte 0 [{"Dwes\\ProyectoVideoClub\\Juego":{"consola":"PS4","titulo":"God of War","alquilado":false}}] []
[2021-11-21T10:28:33.312445+01:00] VideoClubLogger-2.INFO: Incluído soporte 1 [{"Dwes\\ProyectoVideoClub\\Juego":{"consola":"PS4","titulo":"The Last of Us Part II","alquilado":false}}] []
[2021-11-21T10:28:33.325604+01:00] VideoClubLogger-2.INFO: Incluído soporte 2 [{"Dwes\\ProyectoVideoClub\\Dvd":{"idiomas":"es","titulo":"Torrente","alquilado":false}}] []
[2021-11-21T10:28:33.326019+01:00] VideoClubLogger-2.INFO: Incluído soporte 3 [{"Dwes\\ProyectoVideoClub\\Dvd":{"idiomas":"es,en,fr","titulo":"Origen","alquilado":false}}] []
[2021-11-21T10:28:33.326313+01:00] VideoClubLogger-2.INFO: Incluído soporte 4 [{"Dwes\\ProyectoVideoClub\\Dvd":{"idiomas":"es,en","titulo":"El Imperio Contraataca","alquilado":false}}] []
[2021-11-21T10:28:33.339977+01:00] VideoClubLogger-2.INFO: Incluído soporte 5 [{"Dwes\\ProyectoVideoClub\\CintaVideo":{"titulo":"Los cazafantasmas","alquilado":false}}] []
[2021-11-21T10:28:33.340310+01:00] VideoClubLogger-2.INFO: Incluído soporte 6 [{"Dwes\\ProyectoVideoClub\\CintaVideo":{"titulo":"El nombre de la Rosa","alquilado":false}}] []
[2021-11-21T10:28:33.340645+01:00] VideoClubLogger-2.INFO: Incluído soporte 7 [{"Dwes\\ProyectoVideoClub\\Juego":{"consola":"SW","titulo":"Smash Bros","alquilado":false}}] []
[2021-11-21T10:28:40.848154+01:00] VideoClubLogger-2.INFO: Incluído soporte 0 [{"Dwes\\ProyectoVideoClub\\Juego":{"consola":"PS4","titulo":"God of War","alquilado":false}}] []
[2021-11-21T10:28:40.876131+01:00] VideoClubLogger-2.INFO: Incluído soporte 1 [{"Dwes\\ProyectoVideoClub\\Juego":{"consola":"PS4","titulo":"The Last of Us Part II","alquilado":false}}] []
[2021-11-21T10:28:40.890442+01:00] VideoClubLogger-2.INFO: Incluído soporte 2 [{"Dwes\\ProyectoVideoClub\\Dvd":{"idiomas":"es","titulo":"Torrente","alquilado":false}}] []
[2021-11-21T10:28:40.891128+01:00] VideoClubLogger-2.INFO: Incluído soporte 3 [{"Dwes\\ProyectoVideoClub\\Dvd":{"idiomas":"es,en,fr","titulo":"Origen","alquilado":false}}] []
[2021-11-21T10:28:40.891611+01:00] VideoClubLogger-2.INFO: Incluído soporte 4 [{"Dwes\\ProyectoVideoClub\\Dvd":{"idiomas":"es,en","titulo":"El Imperio Contraataca","alquilado":false}}] []
[2021-11-21T10:28:40.905744+01:00] VideoClubLogger-2.INFO: Incluído soporte 5 [{"Dwes\\ProyectoVideoClub\\CintaVideo":{"titulo":"Los cazafantasmas","alquilado":false}}] []
[2021-11-21T10:28:40.906368+01:00] VideoClubLogger-2.INFO: Incluído soporte 6 [{"Dwes\\ProyectoVideoClub\\CintaVideo":{"titulo":"El nombre de la Rosa","alquilado":false}}] []
[2021-11-21T10:28:40.906765+01:00] VideoClubLogger-2.INFO: Incluído soporte 7 [{"Dwes\\ProyectoVideoClub\\Juego":{"consola":"SW","titulo":"Smash Bros","alquilado":false}}] []
[2021-11-21T10:28:44.155933+01:00] VideoClubLogger-2.INFO: Incluído soporte 0 [{"Dwes\\ProyectoVideoClub\\Juego":{"consola":"PS4","titulo":"God of War","alquilado":false}}] []
[2021-11-21T10:28:44.223342+01:00] VideoClubLogger-2.INFO: Incluído soporte 1 [{"Dwes\\ProyectoVideoClub\\Juego":{"consola":"PS4","titulo":"The Last of Us Part II","alquilado":false}}] []
[2021-11-21T10:28:44.237213+01:00] VideoClubLogger-2.INFO: Incluído soporte 2 [{"Dwes\\ProyectoVideoClub\\Dvd":{"idiomas":"es","titulo":"Torrente","alquilado":false}}] []
[2021-11-21T10:28:44.237855+01:00] VideoClubLogger-2.INFO: Incluído soporte 3 [{"Dwes\\ProyectoVideoClub\\Dvd":{"idiomas":"es,en,fr","titulo":"Origen","alquilado":false}}] []
[2021-11-21T10:28:44.238343+01:00] VideoClubLogger-2.INFO: Incluído soporte 4 [{"Dwes\\ProyectoVideoClub\\Dvd":{"idiomas":"es,en","titulo":"El Imperio Contraataca","alquilado":false}}] []
[2021-11-21T10:28:44.252910+01:00] VideoClubLogger-2.INFO: Incluído soporte 5 [{"Dwes\\ProyectoVideoClub\\CintaVideo":{"titulo":"Los cazafantasmas","alquilado":false}}] []
[2021-11-21T10:28:44.253759+01:00] VideoClubLogger-2.INFO: Incluído soporte 6 [{"Dwes\\ProyectoVideoClub\\CintaVideo":{"titulo":"El nombre de la Rosa","alquilado":false}}] []
[2021-11-21T10:28:44.254495+01:00] VideoClubLogger-2.INFO: Incluído soporte 7 [{"Dwes\\ProyectoVideoClub\\Juego":{"consola":"SW","titulo":"Smash Bros","alquilado":false}}] []
[2021-11-21T10:28:46.894044+01:00] VideoClubLogger-2.INFO: Incluído soporte 0 [{"Dwes\\ProyectoVideoClub\\Juego":{"consola":"PS4","titulo":"God of War","alquilado":false}}] []
[2021-11-21T10:28:46.983567+01:00] VideoClubLogger-2.INFO: Incluído soporte 1 [{"Dwes\\ProyectoVideoClub\\Juego":{"consola":"PS4","titulo":"The Last of Us Part II","alquilado":false}}] []
[2021-11-21T10:28:47.005621+01:00] VideoClubLogger-2.INFO: Incluído soporte 2 [{"Dwes\\ProyectoVideoClub\\Dvd":{"idiomas":"es","titulo":"Torrente","alquilado":false}}] []
[2021-11-21T10:28:47.007726+01:00] VideoClubLogger-2.INFO: Incluído soporte 3 [{"Dwes\\ProyectoVideoClub\\Dvd":{"idiomas":"es,en,fr","titulo":"Origen","alquilado":false}}] []
[2021-11-21T10:28:47.009003+01:00] VideoClubLogger-2.INFO: Incluído soporte 4 [{"Dwes\\ProyectoVideoClub\\Dvd":{"idiomas":"es,en","titulo":"El Imperio Contraataca","alquilado":false}}] []
[2021-11-21T10:28:47.029224+01:00] VideoClubLogger-2.INFO: Incluído soporte 5 [{"Dwes\\ProyectoVideoClub\\CintaVideo":{"titulo":"Los cazafantasmas","alquilado":false}}] []
[2021-11-21T10:28:47.029898+01:00] VideoClubLogger-2.INFO: Incluído soporte 6 [{"Dwes\\ProyectoVideoClub\\CintaVideo":{"titulo":"El nombre de la Rosa","alquilado":false}}] []
[2021-11-21T10:28:47.030642+01:00] VideoClubLogger-2.INFO: Incluído soporte 7 [{"Dwes\\ProyectoVideoClub\\Juego":{"consola":"SW","titulo":"Smash Bros","alquilado":false}}] []
[2021-11-21T10:28:51.181169+01:00] VideoClubLogger-2.INFO: Incluído soporte 0 [{"Dwes\\ProyectoVideoClub\\Juego":{"consola":"PS4","titulo":"God of War","alquilado":false}}] []
[2021-11-21T10:28:51.274420+01:00] VideoClubLogger-2.INFO: Incluído soporte 1 [{"Dwes\\ProyectoVideoClub\\Juego":{"consola":"PS4","titulo":"The Last of Us Part II","alquilado":false}}] []
[2021-11-21T10:28:51.292865+01:00] VideoClubLogger-2.INFO: Incluído soporte 2 [{"Dwes\\ProyectoVideoClub\\Dvd":{"idiomas":"es","titulo":"Torrente","alquilado":false}}] []
[2021-11-21T10:28:51.293531+01:00] VideoClubLogger-2.INFO: Incluído soporte 3 [{"Dwes\\ProyectoVideoClub\\Dvd":{"idiomas":"es,en,fr","titulo":"Origen","alquilado":false}}] []
[2021-11-21T10:28:51.294344+01:00] VideoClubLogger-2.INFO: Incluído soporte 4 [{"Dwes\\ProyectoVideoClub\\Dvd":{"idiomas":"es,en","titulo":"El Imperio Contraataca","alquilado":false}}] []
[2021-11-21T10:28:51.311000+01:00] VideoClubLogger-2.INFO: Incluído soporte 5 [{"Dwes\\ProyectoVideoClub\\CintaVideo":{"titulo":"Los cazafantasmas","alquilado":false}}] []
[2021-11-21T10:28:51.311759+01:00] VideoClubLogger-2.INFO: Incluído soporte 6 [{"Dwes\\ProyectoVideoClub\\CintaVideo":{"titulo":"El nombre de la Rosa","alquilado":false}}] []
[2021-11-21T10:28:51.312708+01:00] VideoClubLogger-2.INFO: Incluído soporte 7 [{"Dwes\\ProyectoVideoClub\\Juego":{"consola":"SW","titulo":"Smash Bros","alquilado":false}}] []
[2021-11-21T10:28:51.333199+01:00] VideoClubLogger-2.INFO: Incluído socio 0 [{"Dwes\\ProyectoVideoClub\\Cliente":{"nombre":"Amancio Ortega"}}] []
[2021-11-21T10:28:51.334055+01:00] VideoClubLogger-2.INFO: Incluído socio 1 [{"Dwes\\ProyectoVideoClub\\Cliente":{"nombre":"Pablo Picasso"}}] []
[2021-11-21T10:28:51.334877+01:00] VideoClubLogger-2.INFO: Incluído socio 2 [{"Dwes\\ProyectoVideoClub\\Cliente":{"nombre":"Cliente Feliz"}}] []
[2021-11-21T10:28:51.415695+01:00] VideoclubLogger.WARNING: Dwes\ProyectoVideoClub\Util\SoporteNoEncontradoException: No tienes alquilada esta peli cari ;D in /var/www/html/app/Dwes/ProyectoVideoClub/Cliente.php:135 Stack trace: #0 /var/www/html/inicio3.php(30): Dwes\ProyectoVideoClub\Cliente->devolver(1) #1 /var/www/html/mainAdmin.php(17): include_once('/var/www/html/i...') #2 {main} [] []
[2021-11-21T10:28:51.418678+01:00] VideoclubLogger.INFO: Alquilado soporte God of War a: Amancio Ortega [] []
[2021-11-21T10:28:51.419354+01:00] VideoclubLogger.INFO: Alquilado soporte Smash Bros a: Amancio Ortega [] []
[2021-11-21T10:28:51.420003+01:00] VideoClubLogger-2.WARNING: Dwes\ProyectoVideoClub\Util\SoporteNoEncontradoException: Soporte no encontrado al realizar el alquiler in /var/www/html/app/Dwes/ProyectoVideoClub/VideoClub.php:143 Stack trace: #0 /var/www/html/inicio3.php(33): Dwes\ProyectoVideoClub\VideoClub->alquilaSocioProducto('0', '8') #1 /var/www/html/mainAdmin.php(17): include_once('/var/www/html/i...') #2 {main} ["0","8"] []
[2021-11-21T10:28:51.452584+01:00] VideoClubLogger-2.WARNING: Dwes\ProyectoVideoClub\Util\SoporteYaAlquiladoException: Upsi está ya cogida cari :S. No quieres alquilar Salva a Willy ;D <br> in /var/www/html/app/Dwes/ProyectoVideoClub/VideoClub.php:146 Stack trace: #0 /var/www/html/inicio3.php(34): Dwes\ProyectoVideoClub\VideoClub->alquilaSocioProducto('1', '7') #1 /var/www/html/mainAdmin.php(17): include_once('/var/www/html/i...') #2 {main} ["1","7"] []
[2021-11-21T10:28:51.453339+01:00] VideoClubLogger-2.WARNING: Dwes\ProyectoVideoClub\Util\SoporteYaAlquiladoException: El alquiler múltiple de estos productos no puede ser completado porque 7está alquilado in /var/www/html/app/Dwes/ProyectoVideoClub/VideoClub.php:173 Stack trace: #0 /var/www/html/inicio3.php(35): Dwes\ProyectoVideoClub\VideoClub->alquilarSocioProductos('0', Array) #1 /var/www/html/mainAdmin.php(17): include_once('/var/www/html/i...') #2 {main} [{"Dwes\\ProyectoVideoClub\\Cliente":{"nombre":"Amancio Ortega"}},[7,0],7] []
