[2021-11-22T10:58:59.963057+01:00] VideoClubLogger-2.INFO: Incluído soporte 0 [{"Dwes\\ProyectoVideoClub\\Juego":{"consola":"PS4","titulo":"God of War","alquilado":false}}] []
[2021-11-22T10:59:00.037274+01:00] VideoClubLogger-2.INFO: Incluído soporte 1 [{"Dwes\\ProyectoVideoClub\\Juego":{"consola":"PS4","titulo":"The Last of Us Part II","alquilado":false}}] []
[2021-11-22T10:59:00.051519+01:00] VideoClubLogger-2.INFO: Incluído soporte 2 [{"Dwes\\ProyectoVideoClub\\Dvd":{"idiomas":"es","titulo":"Torrente","alquilado":false}}] []
[2021-11-22T10:59:00.052231+01:00] VideoClubLogger-2.INFO: Incluído soporte 3 [{"Dwes\\ProyectoVideoClub\\Dvd":{"idiomas":"es,en,fr","titulo":"Origen","alquilado":false}}] []
[2021-11-22T10:59:00.052570+01:00] VideoClubLogger-2.INFO: Incluído soporte 4 [{"Dwes\\ProyectoVideoClub\\Dvd":{"idiomas":"es,en","titulo":"El Imperio Contraataca","alquilado":false}}] []
[2021-11-22T10:59:00.067946+01:00] VideoClubLogger-2.INFO: Incluído soporte 5 [{"Dwes\\ProyectoVideoClub\\CintaVideo":{"titulo":"Los cazafantasmas","alquilado":false}}] []
[2021-11-22T10:59:00.068311+01:00] VideoClubLogger-2.INFO: Incluído soporte 6 [{"Dwes\\ProyectoVideoClub\\CintaVideo":{"titulo":"El nombre de la Rosa","alquilado":false}}] []
[2021-11-22T10:59:00.068669+01:00] VideoClubLogger-2.INFO: Incluído soporte 7 [{"Dwes\\ProyectoVideoClub\\Juego":{"consola":"SW","titulo":"Smash Bros","alquilado":false}}] []
[2021-11-22T10:59:00.082502+01:00] VideoClubLogger-2.INFO: Incluído socio 0 [{"Dwes\\ProyectoVideoClub\\Cliente":{"nombre":"Amancio Ortega"}}] []
[2021-11-22T10:59:00.083074+01:00] VideoClubLogger-2.INFO: Incluído socio 1 [{"Dwes\\ProyectoVideoClub\\Cliente":{"nombre":"Pablo Picasso"}}] []
[2021-11-22T10:59:00.083796+01:00] VideoClubLogger-2.INFO: Incluído socio 2 [{"Dwes\\ProyectoVideoClub\\Cliente":{"nombre":"Cliente Feliz"}}] []
[2021-11-22T10:59:00.113386+01:00] VideoclubLogger.WARNING: Dwes\ProyectoVideoClub\Util\SoporteNoEncontradoException: No tienes alquilada esta peli cari ;D in /var/www/html/app/Dwes/ProyectoVideoClub/Cliente.php:135 Stack trace: #0 /var/www/html/inicio3.php(30): Dwes\ProyectoVideoClub\Cliente->devolver(1) #1 /var/www/html/mainAdmin.php(17): include_once('/var/www/html/i...') #2 {main} [] []
[2021-11-22T10:59:00.114689+01:00] VideoclubLogger.INFO: Alquilado soporte God of War a: Amancio Ortega [] []
[2021-11-22T10:59:00.114963+01:00] VideoclubLogger.INFO: Alquilado soporte Smash Bros a: Amancio Ortega [] []
[2021-11-22T10:59:00.115277+01:00] VideoClubLogger-2.WARNING: Dwes\ProyectoVideoClub\Util\SoporteNoEncontradoException: Soporte no encontrado al realizar el alquiler in /var/www/html/app/Dwes/ProyectoVideoClub/VideoClub.php:143 Stack trace: #0 /var/www/html/inicio3.php(33): Dwes\ProyectoVideoClub\VideoClub->alquilaSocioProducto('0', '8') #1 /var/www/html/mainAdmin.php(17): include_once('/var/www/html/i...') #2 {main} ["0","8"] []
[2021-11-22T10:59:00.128078+01:00] VideoClubLogger-2.WARNING: Dwes\ProyectoVideoClub\Util\SoporteYaAlquiladoException: Upsi está ya cogida cari :S. No quieres alquilar Salva a Willy ;D <br> in /var/www/html/app/Dwes/ProyectoVideoClub/VideoClub.php:146 Stack trace: #0 /var/www/html/inicio3.php(34): Dwes\ProyectoVideoClub\VideoClub->alquilaSocioProducto('1', '7') #1 /var/www/html/mainAdmin.php(17): include_once('/var/www/html/i...') #2 {main} ["1","7"] []
[2021-11-22T10:59:00.128397+01:00] VideoClubLogger-2.WARNING: Dwes\ProyectoVideoClub\Util\SoporteYaAlquiladoException: El alquiler múltiple de estos productos no puede ser completado porque 7está alquilado in /var/www/html/app/Dwes/ProyectoVideoClub/VideoClub.php:173 Stack trace: #0 /var/www/html/inicio3.php(35): Dwes\ProyectoVideoClub\VideoClub->alquilarSocioProductos('0', Array) #1 /var/www/html/mainAdmin.php(17): include_once('/var/www/html/i...') #2 {main} [{"Dwes\\ProyectoVideoClub\\Cliente":{"nombre":"Amancio Ortega"}},[7,0],7] []
[2021-11-22T10:59:17.713318+01:00] VideoClubLogger-2.INFO: Incluído soporte 0 [{"Dwes\\ProyectoVideoClub\\Juego":{"consola":"PS4","titulo":"God of War","alquilado":false}}] []
[2021-11-22T10:59:17.760464+01:00] VideoClubLogger-2.INFO: Incluído soporte 1 [{"Dwes\\ProyectoVideoClub\\Juego":{"consola":"PS4","titulo":"The Last of Us Part II","alquilado":false}}] []
[2021-11-22T10:59:17.769349+01:00] VideoClubLogger-2.INFO: Incluído soporte 2 [{"Dwes\\ProyectoVideoClub\\Dvd":{"idiomas":"es","titulo":"Torrente","alquilado":false}}] []
[2021-11-22T10:59:17.769625+01:00] VideoClubLogger-2.INFO: Incluído soporte 3 [{"Dwes\\ProyectoVideoClub\\Dvd":{"idiomas":"es,en,fr","titulo":"Origen","alquilado":false}}] []
[2021-11-22T10:59:17.769869+01:00] VideoClubLogger-2.INFO: Incluído soporte 4 [{"Dwes\\ProyectoVideoClub\\Dvd":{"idiomas":"es,en","titulo":"El Imperio Contraataca","alquilado":false}}] []
[2021-11-22T10:59:17.779453+01:00] VideoClubLogger-2.INFO: Incluído soporte 5 [{"Dwes\\ProyectoVideoClub\\CintaVideo":{"titulo":"Los cazafantasmas","alquilado":false}}] []
[2021-11-22T10:59:17.779712+01:00] VideoClubLogger-2.INFO: Incluído soporte 6 [{"Dwes\\ProyectoVideoClub\\CintaVideo":{"titulo":"El nombre de la Rosa","alquilado":false}}] []
[2021-11-22T10:59:17.779976+01:00] VideoClubLogger-2.INFO: Incluído soporte 7 [{"Dwes\\ProyectoVideoClub\\Juego":{"consola":"SW","titulo":"Smash Bros","alquilado":false}}] []
[2021-11-22T10:59:17.789558+01:00] VideoClubLogger-2.INFO: Incluído socio 0 [{"Dwes\\ProyectoVideoClub\\Cliente":{"nombre":"Amancio Ortega"}}] []
[2021-11-22T10:59:17.789938+01:00] VideoClubLogger-2.INFO: Incluído socio 1 [{"Dwes\\ProyectoVideoClub\\Cliente":{"nombre":"Pablo Picasso"}}] []
[2021-11-22T10:59:17.790248+01:00] VideoClubLogger-2.INFO: Incluído socio 2 [{"Dwes\\ProyectoVideoClub\\Cliente":{"nombre":"Cliente Feliz"}}] []
[2021-11-22T10:59:17.816039+01:00] VideoclubLogger.WARNING: Dwes\ProyectoVideoClub\Util\SoporteNoEncontradoException: No tienes alquilada esta peli cari ;D in /var/www/html/app/Dwes/ProyectoVideoClub/Cliente.php:135 Stack trace: #0 /var/www/html/inicio3.php(30): Dwes\ProyectoVideoClub\Cliente->devolver(1) #1 /var/www/html/mainAdmin.php(17): include_once('/var/www/html/i...') #2 {main} [] []
[2021-11-22T10:59:17.816906+01:00] VideoclubLogger.INFO: Alquilado soporte God of War a: Amancio Ortega [] []
[2021-11-22T10:59:17.817182+01:00] VideoclubLogger.INFO: Alquilado soporte Smash Bros a: Amancio Ortega [] []
[2021-11-22T10:59:17.817433+01:00] VideoClubLogger-2.WARNING: Dwes\ProyectoVideoClub\Util\SoporteNoEncontradoException: Soporte no encontrado al realizar el alquiler in /var/www/html/app/Dwes/ProyectoVideoClub/VideoClub.php:143 Stack trace: #0 /var/www/html/inicio3.php(33): Dwes\ProyectoVideoClub\VideoClub->alquilaSocioProducto('0', '8') #1 /var/www/html/mainAdmin.php(17): include_once('/var/www/html/i...') #2 {main} ["0","8"] []
[2021-11-22T10:59:17.828375+01:00] VideoClubLogger-2.WARNING: Dwes\ProyectoVideoClub\Util\SoporteYaAlquiladoException: Upsi está ya cogida cari :S. No quieres alquilar Salva a Willy ;D <br> in /var/www/html/app/Dwes/ProyectoVideoClub/VideoClub.php:146 Stack trace: #0 /var/www/html/inicio3.php(34): Dwes\ProyectoVideoClub\VideoClub->alquilaSocioProducto('1', '7') #1 /var/www/html/mainAdmin.php(17): include_once('/var/www/html/i...') #2 {main} ["1","7"] []
[2021-11-22T10:59:17.828664+01:00] VideoClubLogger-2.WARNING: Dwes\ProyectoVideoClub\Util\SoporteYaAlquiladoException: El alquiler múltiple de estos productos no puede ser completado porque 7está alquilado in /var/www/html/app/Dwes/ProyectoVideoClub/VideoClub.php:173 Stack trace: #0 /var/www/html/inicio3.php(35): Dwes\ProyectoVideoClub\VideoClub->alquilarSocioProductos('0', Array) #1 /var/www/html/mainAdmin.php(17): include_once('/var/www/html/i...') #2 {main} [{"Dwes\\ProyectoVideoClub\\Cliente":{"nombre":"Amancio Ortega"}},[7,0],7] []
[2021-11-22T10:59:33.675035+01:00] VideoClubLogger-2.INFO: Incluído soporte 0 [{"Dwes\\ProyectoVideoClub\\Juego":{"consola":"PS4","titulo":"God of War","alquilado":false}}] []
[2021-11-22T10:59:33.680409+01:00] VideoClubLogger-2.INFO: Incluído soporte 1 [{"Dwes\\ProyectoVideoClub\\Juego":{"consola":"PS4","titulo":"The Last of Us Part II","alquilado":false}}] []
[2021-11-22T10:59:33.690440+01:00] VideoClubLogger-2.INFO: Incluído soporte 2 [{"Dwes\\ProyectoVideoClub\\Dvd":{"idiomas":"es","titulo":"Torrente","alquilado":false}}] []
[2021-11-22T10:59:33.690776+01:00] VideoClubLogger-2.INFO: Incluído soporte 3 [{"Dwes\\ProyectoVideoClub\\Dvd":{"idiomas":"es,en,fr","titulo":"Origen","alquilado":false}}] []
[2021-11-22T10:59:33.691102+01:00] VideoClubLogger-2.INFO: Incluído soporte 4 [{"Dwes\\ProyectoVideoClub\\Dvd":{"idiomas":"es,en","titulo":"El Imperio Contraataca","alquilado":false}}] []
[2021-11-22T10:59:33.700320+01:00] VideoClubLogger-2.INFO: Incluído soporte 5 [{"Dwes\\ProyectoVideoClub\\CintaVideo":{"titulo":"Los cazafantasmas","alquilado":false}}] []
[2021-11-22T10:59:33.700614+01:00] VideoClubLogger-2.INFO: Incluído soporte 6 [{"Dwes\\ProyectoVideoClub\\CintaVideo":{"titulo":"El nombre de la Rosa","alquilado":false}}] []
[2021-11-22T10:59:33.700956+01:00] VideoClubLogger-2.INFO: Incluído soporte 7 [{"Dwes\\ProyectoVideoClub\\Juego":{"consola":"SW","titulo":"Smash Bros","alquilado":false}}] []
[2021-11-22T10:59:37.165281+01:00] VideoClubLogger-2.INFO: Incluído soporte 0 [{"Dwes\\ProyectoVideoClub\\Juego":{"consola":"PS4","titulo":"God of War","alquilado":false}}] []
[2021-11-22T10:59:37.171058+01:00] VideoClubLogger-2.INFO: Incluído soporte 1 [{"Dwes\\ProyectoVideoClub\\Juego":{"consola":"PS4","titulo":"The Last of Us Part II","alquilado":false}}] []
[2021-11-22T10:59:37.178851+01:00] VideoClubLogger-2.INFO: Incluído soporte 2 [{"Dwes\\ProyectoVideoClub\\Dvd":{"idiomas":"es","titulo":"Torrente","alquilado":false}}] []
[2021-11-22T10:59:37.179201+01:00] VideoClubLogger-2.INFO: Incluído soporte 3 [{"Dwes\\ProyectoVideoClub\\Dvd":{"idiomas":"es,en,fr","titulo":"Origen","alquilado":false}}] []
[2021-11-22T10:59:37.179514+01:00] VideoClubLogger-2.INFO: Incluído soporte 4 [{"Dwes\\ProyectoVideoClub\\Dvd":{"idiomas":"es,en","titulo":"El Imperio Contraataca","alquilado":false}}] []
[2021-11-22T10:59:37.191400+01:00] VideoClubLogger-2.INFO: Incluído soporte 5 [{"Dwes\\ProyectoVideoClub\\CintaVideo":{"titulo":"Los cazafantasmas","alquilado":false}}] []
[2021-11-22T10:59:37.192064+01:00] VideoClubLogger-2.INFO: Incluído soporte 6 [{"Dwes\\ProyectoVideoClub\\CintaVideo":{"titulo":"El nombre de la Rosa","alquilado":false}}] []
[2021-11-22T10:59:37.192501+01:00] VideoClubLogger-2.INFO: Incluído soporte 7 [{"Dwes\\ProyectoVideoClub\\Juego":{"consola":"SW","titulo":"Smash Bros","alquilado":false}}] []
[2021-11-22T10:59:39.813271+01:00] VideoClubLogger-2.INFO: Incluído soporte 0 [{"Dwes\\ProyectoVideoClub\\Juego":{"consola":"PS4","titulo":"God of War","alquilado":false}}] []
[2021-11-22T10:59:39.832856+01:00] VideoClubLogger-2.INFO: Incluído soporte 1 [{"Dwes\\ProyectoVideoClub\\Juego":{"consola":"PS4","titulo":"The Last of Us Part II","alquilado":false}}] []
[2021-11-22T10:59:39.836695+01:00] VideoClubLogger-2.INFO: Incluído soporte 2 [{"Dwes\\ProyectoVideoClub\\Dvd":{"idiomas":"es","titulo":"Torrente","alquilado":false}}] []
[2021-11-22T10:59:39.836965+01:00] VideoClubLogger-2.INFO: Incluído soporte 3 [{"Dwes\\ProyectoVideoClub\\Dvd":{"idiomas":"es,en,fr","titulo":"Origen","alquilado":false}}] []
[2021-11-22T10:59:39.837242+01:00] VideoClubLogger-2.INFO: Incluído soporte 4 [{"Dwes\\ProyectoVideoClub\\Dvd":{"idiomas":"es,en","titulo":"El Imperio Contraataca","alquilado":false}}] []
[2021-11-22T10:59:39.841250+01:00] VideoClubLogger-2.INFO: Incluído soporte 5 [{"Dwes\\ProyectoVideoClub\\CintaVideo":{"titulo":"Los cazafantasmas","alquilado":false}}] []
[2021-11-22T10:59:39.841556+01:00] VideoClubLogger-2.INFO: Incluído soporte 6 [{"Dwes\\ProyectoVideoClub\\CintaVideo":{"titulo":"El nombre de la Rosa","alquilado":false}}] []
[2021-11-22T10:59:39.841853+01:00] VideoClubLogger-2.INFO: Incluído soporte 7 [{"Dwes\\ProyectoVideoClub\\Juego":{"consola":"SW","titulo":"Smash Bros","alquilado":false}}] []
[2021-11-22T10:59:55.507650+01:00] VideoClubLogger-2.INFO: Incluído soporte 0 [{"Dwes\\ProyectoVideoClub\\Juego":{"consola":"PS4","titulo":"God of War","alquilado":false}}] []
[2021-11-22T10:59:55.562790+01:00] VideoClubLogger-2.INFO: Incluído soporte 1 [{"Dwes\\ProyectoVideoClub\\Juego":{"consola":"PS4","titulo":"The Last of Us Part II","alquilado":false}}] []
[2021-11-22T10:59:55.573389+01:00] VideoClubLogger-2.INFO: Incluído soporte 2 [{"Dwes\\ProyectoVideoClub\\Dvd":{"idiomas":"es","titulo":"Torrente","alquilado":false}}] []
[2021-11-22T10:59:55.573739+01:00] VideoClubLogger-2.INFO: Incluído soporte 3 [{"Dwes\\ProyectoVideoClub\\Dvd":{"idiomas":"es,en,fr","titulo":"Origen","alquilado":false}}] []
[2021-11-22T10:59:55.574061+01:00] VideoClubLogger-2.INFO: Incluído soporte 4 [{"Dwes\\ProyectoVideoClub\\Dvd":{"idiomas":"es,en","titulo":"El Imperio Contraataca","alquilado":false}}] []
[2021-11-22T10:59:55.585808+01:00] VideoClubLogger-2.INFO: Incluído soporte 5 [{"Dwes\\ProyectoVideoClub\\CintaVideo":{"titulo":"Los cazafantasmas","alquilado":false}}] []
[2021-11-22T10:59:55.586141+01:00] VideoClubLogger-2.INFO: Incluído soporte 6 [{"Dwes\\ProyectoVideoClub\\CintaVideo":{"titulo":"El nombre de la Rosa","alquilado":false}}] []
[2021-11-22T10:59:55.586442+01:00] VideoClubLogger-2.INFO: Incluído soporte 7 [{"Dwes\\ProyectoVideoClub\\Juego":{"consola":"SW","titulo":"Smash Bros","alquilado":false}}] []
[2021-11-22T10:59:55.599863+01:00] VideoClubLogger-2.INFO: Incluído socio 0 [{"Dwes\\ProyectoVideoClub\\Cliente":{"nombre":"Amancio Ortega"}}] []
[2021-11-22T10:59:55.600200+01:00] VideoClubLogger-2.INFO: Incluído socio 1 [{"Dwes\\ProyectoVideoClub\\Cliente":{"nombre":"Pablo Picasso"}}] []
[2021-11-22T10:59:55.600508+01:00] VideoClubLogger-2.INFO: Incluído socio 2 [{"Dwes\\ProyectoVideoClub\\Cliente":{"nombre":"Cliente Feliz"}}] []
[2021-11-22T10:59:55.626994+01:00] VideoclubLogger.WARNING: Dwes\ProyectoVideoClub\Util\SoporteNoEncontradoException: No tienes alquilada esta peli cari ;D in /var/www/html/app/Dwes/ProyectoVideoClub/Cliente.php:135 Stack trace: #0 /var/www/html/inicio3.php(30): Dwes\ProyectoVideoClub\Cliente->devolver(1) #1 /var/www/html/mainAdmin.php(17): include_once('/var/www/html/i...') #2 {main} [] []
[2021-11-22T10:59:55.628031+01:00] VideoclubLogger.INFO: Alquilado soporte God of War a: Amancio Ortega [] []
[2021-11-22T10:59:55.628296+01:00] VideoclubLogger.INFO: Alquilado soporte Smash Bros a: Amancio Ortega [] []
[2021-11-22T10:59:55.628557+01:00] VideoClubLogger-2.WARNING: Dwes\ProyectoVideoClub\Util\SoporteNoEncontradoException: Soporte no encontrado al realizar el alquiler in /var/www/html/app/Dwes/ProyectoVideoClub/VideoClub.php:143 Stack trace: #0 /var/www/html/inicio3.php(33): Dwes\ProyectoVideoClub\VideoClub->alquilaSocioProducto('0', '8') #1 /var/www/html/mainAdmin.php(17): include_once('/var/www/html/i...') #2 {main} ["0","8"] []
[2021-11-22T10:59:55.639090+01:00] VideoClubLogger-2.WARNING: Dwes\ProyectoVideoClub\Util\SoporteYaAlquiladoException: Upsi está ya cogida cari :S. No quieres alquilar Salva a Willy ;D <br> in /var/www/html/app/Dwes/ProyectoVideoClub/VideoClub.php:146 Stack trace: #0 /var/www/html/inicio3.php(34): Dwes\ProyectoVideoClub\VideoClub->alquilaSocioProducto('1', '7') #1 /var/www/html/mainAdmin.php(17): include_once('/var/www/html/i...') #2 {main} ["1","7"] []
[2021-11-22T10:59:55.639447+01:00] VideoClubLogger-2.WARNING: Dwes\ProyectoVideoClub\Util\SoporteYaAlquiladoException: El alquiler múltiple de estos productos no puede ser completado porque 7está alquilado in /var/www/html/app/Dwes/ProyectoVideoClub/VideoClub.php:173 Stack trace: #0 /var/www/html/inicio3.php(35): Dwes\ProyectoVideoClub\VideoClub->alquilarSocioProductos('0', Array) #1 /var/www/html/mainAdmin.php(17): include_once('/var/www/html/i...') #2 {main} [{"Dwes\\ProyectoVideoClub\\Cliente":{"nombre":"Amancio Ortega"}},[7,0],7] []
[2021-11-22T11:02:12.139690+01:00] VideoClubLogger-2.INFO: Incluído soporte 0 [{"Dwes\\ProyectoVideoClub\\Juego":{"consola":"PS4","titulo":"God of War","alquilado":false}}] []
[2021-11-22T11:02:12.201826+01:00] VideoClubLogger-2.INFO: Incluído soporte 1 [{"Dwes\\ProyectoVideoClub\\Juego":{"consola":"PS4","titulo":"The Last of Us Part II","alquilado":false}}] []
[2021-11-22T11:02:12.211850+01:00] VideoClubLogger-2.INFO: Incluído soporte 2 [{"Dwes\\ProyectoVideoClub\\Dvd":{"idiomas":"es","titulo":"Torrente","alquilado":false}}] []
[2021-11-22T11:02:12.212232+01:00] VideoClubLogger-2.INFO: Incluído soporte 3 [{"Dwes\\ProyectoVideoClub\\Dvd":{"idiomas":"es,en,fr","titulo":"Origen","alquilado":false}}] []
[2021-11-22T11:02:12.212769+01:00] VideoClubLogger-2.INFO: Incluído soporte 4 [{"Dwes\\ProyectoVideoClub\\Dvd":{"idiomas":"es,en","titulo":"El Imperio Contraataca","alquilado":false}}] []
[2021-11-22T11:02:12.223207+01:00] VideoClubLogger-2.INFO: Incluído soporte 5 [{"Dwes\\ProyectoVideoClub\\CintaVideo":{"titulo":"Los cazafantasmas","alquilado":false}}] []
[2021-11-22T11:02:12.223468+01:00] VideoClubLogger-2.INFO: Incluído soporte 6 [{"Dwes\\ProyectoVideoClub\\CintaVideo":{"titulo":"El nombre de la Rosa","alquilado":false}}] []
[2021-11-22T11:02:12.223778+01:00] VideoClubLogger-2.INFO: Incluído soporte 7 [{"Dwes\\ProyectoVideoClub\\Juego":{"consola":"SW","titulo":"Smash Bros","alquilado":false}}] []
[2021-11-22T11:02:12.233713+01:00] VideoClubLogger-2.INFO: Incluído socio 0 [{"Dwes\\ProyectoVideoClub\\Cliente":{"nombre":"Amancio Ortega"}}] []
[2021-11-22T11:02:12.234089+01:00] VideoClubLogger-2.INFO: Incluído socio 1 [{"Dwes\\ProyectoVideoClub\\Cliente":{"nombre":"Pablo Picasso"}}] []
[2021-11-22T11:02:12.234407+01:00] VideoClubLogger-2.INFO: Incluído socio 2 [{"Dwes\\ProyectoVideoClub\\Cliente":{"nombre":"Cliente Feliz"}}] []
[2021-11-22T11:02:12.260277+01:00] VideoclubLogger.WARNING: Dwes\ProyectoVideoClub\Util\SoporteNoEncontradoException: No tienes alquilada esta peli cari ;D in /var/www/html/app/Dwes/ProyectoVideoClub/Cliente.php:135 Stack trace: #0 /var/www/html/inicio3.php(30): Dwes\ProyectoVideoClub\Cliente->devolver(1) #1 /var/www/html/mainAdmin.php(17): include_once('/var/www/html/i...') #2 {main} [] []
[2021-11-22T11:02:12.261188+01:00] VideoclubLogger.INFO: Alquilado soporte God of War a: Amancio Ortega [] []
[2021-11-22T11:02:12.261487+01:00] VideoclubLogger.INFO: Alquilado soporte Smash Bros a: Amancio Ortega [] []
[2021-11-22T11:02:12.261783+01:00] VideoClubLogger-2.WARNING: Dwes\ProyectoVideoClub\Util\SoporteNoEncontradoException: Soporte no encontrado al realizar el alquiler in /var/www/html/app/Dwes/ProyectoVideoClub/VideoClub.php:143 Stack trace: #0 /var/www/html/inicio3.php(33): Dwes\ProyectoVideoClub\VideoClub->alquilaSocioProducto('0', '8') #1 /var/www/html/mainAdmin.php(17): include_once('/var/www/html/i...') #2 {main} ["0","8"] []
[2021-11-22T11:02:12.275107+01:00] VideoClubLogger-2.WARNING: Dwes\ProyectoVideoClub\Util\SoporteYaAlquiladoException: Upsi está ya cogida cari :S. No quieres alquilar Salva a Willy ;D <br> in /var/www/html/app/Dwes/ProyectoVideoClub/VideoClub.php:146 Stack trace: #0 /var/www/html/inicio3.php(34): Dwes\ProyectoVideoClub\VideoClub->alquilaSocioProducto('1', '7') #1 /var/www/html/mainAdmin.php(17): include_once('/var/www/html/i...') #2 {main} ["1","7"] []
[2021-11-22T11:02:12.275459+01:00] VideoClubLogger-2.WARNING: Dwes\ProyectoVideoClub\Util\SoporteYaAlquiladoException: El alquiler múltiple de estos productos no puede ser completado porque 7está alquilado in /var/www/html/app/Dwes/ProyectoVideoClub/VideoClub.php:173 Stack trace: #0 /var/www/html/inicio3.php(35): Dwes\ProyectoVideoClub\VideoClub->alquilarSocioProductos('0', Array) #1 /var/www/html/mainAdmin.php(17): include_once('/var/www/html/i...') #2 {main} [{"Dwes\\ProyectoVideoClub\\Cliente":{"nombre":"Amancio Ortega"}},[7,0],7] []
[2021-11-22T12:44:05.889121+01:00] VideoClubLogger-2.INFO: Incluído soporte 0 [{"Dwes\\ProyectoVideoClub\\Juego":{"consola":"PS4","titulo":"God of War","alquilado":false}}] []
[2021-11-22T12:44:05.950939+01:00] VideoClubLogger-2.INFO: Incluído soporte 1 [{"Dwes\\ProyectoVideoClub\\Juego":{"consola":"PS4","titulo":"The Last of Us Part II","alquilado":false}}] []
[2021-11-22T12:44:05.963824+01:00] VideoClubLogger-2.INFO: Incluído soporte 2 [{"Dwes\\ProyectoVideoClub\\Dvd":{"idiomas":"es","titulo":"Torrente","alquilado":false}}] []
[2021-11-22T12:44:05.964121+01:00] VideoClubLogger-2.INFO: Incluído soporte 3 [{"Dwes\\ProyectoVideoClub\\Dvd":{"idiomas":"es,en,fr","titulo":"Origen","alquilado":false}}] []
[2021-11-22T12:44:05.964416+01:00] VideoClubLogger-2.INFO: Incluído soporte 4 [{"Dwes\\ProyectoVideoClub\\Dvd":{"idiomas":"es,en","titulo":"El Imperio Contraataca","alquilado":false}}] []
[2021-11-22T12:44:05.979265+01:00] VideoClubLogger-2.INFO: Incluído soporte 5 [{"Dwes\\ProyectoVideoClub\\CintaVideo":{"titulo":"Los cazafantasmas","alquilado":false}}] []
[2021-11-22T12:44:05.979537+01:00] VideoClubLogger-2.INFO: Incluído soporte 6 [{"Dwes\\ProyectoVideoClub\\CintaVideo":{"titulo":"El nombre de la Rosa","alquilado":false}}] []
[2021-11-22T12:44:05.979789+01:00] VideoClubLogger-2.INFO: Incluído soporte 7 [{"Dwes\\ProyectoVideoClub\\Juego":{"consola":"SW","titulo":"Smash Bros","alquilado":false}}] []
[2021-11-22T12:44:05.990126+01:00] VideoClubLogger-2.INFO: Incluído socio 0 [{"Dwes\\ProyectoVideoClub\\Cliente":{"nombre":"Amancio Ortega"}}] []
[2021-11-22T12:44:05.990414+01:00] VideoClubLogger-2.INFO: Incluído socio 1 [{"Dwes\\ProyectoVideoClub\\Cliente":{"nombre":"Pablo Picasso"}}] []
[2021-11-22T12:44:05.990714+01:00] VideoClubLogger-2.INFO: Incluído socio 2 [{"Dwes\\ProyectoVideoClub\\Cliente":{"nombre":"Cliente Feliz"}}] []
[2021-11-22T12:44:06.027405+01:00] VideoclubLogger.WARNING: Dwes\ProyectoVideoClub\Util\SoporteNoEncontradoException: No tienes alquilada esta peli cari ;D in /var/www/html/app/Dwes/ProyectoVideoClub/Cliente.php:135 Stack trace: #0 /var/www/html/inicio3.php(30): Dwes\ProyectoVideoClub\Cliente->devolver(1) #1 /var/www/html/mainAdmin.php(17): include_once('/var/www/html/i...') #2 {main} [] []
[2021-11-22T12:44:06.028627+01:00] VideoclubLogger.INFO: Alquilado soporte God of War a: Amancio Ortega [] []
[2021-11-22T12:44:06.028951+01:00] VideoclubLogger.INFO: Alquilado soporte Smash Bros a: Amancio Ortega [] []
[2021-11-22T12:44:06.029266+01:00] VideoClubLogger-2.WARNING: Dwes\ProyectoVideoClub\Util\SoporteNoEncontradoException: Soporte no encontrado al realizar el alquiler in /var/www/html/app/Dwes/ProyectoVideoClub/VideoClub.php:143 Stack trace: #0 /var/www/html/inicio3.php(33): Dwes\ProyectoVideoClub\VideoClub->alquilaSocioProducto('0', '8') #1 /var/www/html/mainAdmin.php(17): include_once('/var/www/html/i...') #2 {main} ["0","8"] []
[2021-11-22T12:44:06.040850+01:00] VideoClubLogger-2.WARNING: Dwes\ProyectoVideoClub\Util\SoporteYaAlquiladoException: Upsi está ya cogida cari :S. No quieres alquilar Salva a Willy ;D <br> in /var/www/html/app/Dwes/ProyectoVideoClub/VideoClub.php:146 Stack trace: #0 /var/www/html/inicio3.php(34): Dwes\ProyectoVideoClub\VideoClub->alquilaSocioProducto('1', '7') #1 /var/www/html/mainAdmin.php(17): include_once('/var/www/html/i...') #2 {main} ["1","7"] []
[2021-11-22T12:44:06.041093+01:00] VideoClubLogger-2.WARNING: Dwes\ProyectoVideoClub\Util\SoporteYaAlquiladoException: El alquiler múltiple de estos productos no puede ser completado porque 7está alquilado in /var/www/html/app/Dwes/ProyectoVideoClub/VideoClub.php:173 Stack trace: #0 /var/www/html/inicio3.php(35): Dwes\ProyectoVideoClub\VideoClub->alquilarSocioProductos('0', Array) #1 /var/www/html/mainAdmin.php(17): include_once('/var/www/html/i...') #2 {main} [{"Dwes\\ProyectoVideoClub\\Cliente":{"nombre":"Amancio Ortega"}},[7,0],7] []
[2021-11-22T12:44:18.642223+01:00] VideoClubLogger-2.INFO: Incluído soporte 0 [{"Dwes\\ProyectoVideoClub\\Juego":{"consola":"PS4","titulo":"God of War","alquilado":false}}] []
[2021-11-22T12:44:18.692746+01:00] VideoClubLogger-2.INFO: Incluído soporte 1 [{"Dwes\\ProyectoVideoClub\\Juego":{"consola":"PS4","titulo":"The Last of Us Part II","alquilado":false}}] []
[2021-11-22T12:44:18.702035+01:00] VideoClubLogger-2.INFO: Incluído soporte 2 [{"Dwes\\ProyectoVideoClub\\Dvd":{"idiomas":"es","titulo":"Torrente","alquilado":false}}] []
[2021-11-22T12:44:18.702322+01:00] VideoClubLogger-2.INFO: Incluído soporte 3 [{"Dwes\\ProyectoVideoClub\\Dvd":{"idiomas":"es,en,fr","titulo":"Origen","alquilado":false}}] []
[2021-11-22T12:44:18.702663+01:00] VideoClubLogger-2.INFO: Incluído soporte 4 [{"Dwes\\ProyectoVideoClub\\Dvd":{"idiomas":"es,en","titulo":"El Imperio Contraataca","alquilado":false}}] []
[2021-11-22T12:44:18.714330+01:00] VideoClubLogger-2.INFO: Incluído soporte 5 [{"Dwes\\ProyectoVideoClub\\CintaVideo":{"titulo":"Los cazafantasmas","alquilado":false}}] []
[2021-11-22T12:44:18.714618+01:00] VideoClubLogger-2.INFO: Incluído soporte 6 [{"Dwes\\ProyectoVideoClub\\CintaVideo":{"titulo":"El nombre de la Rosa","alquilado":false}}] []
[2021-11-22T12:44:18.714953+01:00] VideoClubLogger-2.INFO: Incluído soporte 7 [{"Dwes\\ProyectoVideoClub\\Juego":{"consola":"SW","titulo":"Smash Bros","alquilado":false}}] []
[2021-11-22T12:44:18.727211+01:00] VideoClubLogger-2.INFO: Incluído socio 0 [{"Dwes\\ProyectoVideoClub\\Cliente":{"nombre":"Amancio Ortega"}}] []
[2021-11-22T12:44:18.727546+01:00] VideoClubLogger-2.INFO: Incluído socio 1 [{"Dwes\\ProyectoVideoClub\\Cliente":{"nombre":"Pablo Picasso"}}] []
[2021-11-22T12:44:18.727984+01:00] VideoClubLogger-2.INFO: Incluído socio 2 [{"Dwes\\ProyectoVideoClub\\Cliente":{"nombre":"Cliente Feliz"}}] []
[2021-11-22T12:44:18.757646+01:00] VideoclubLogger.WARNING: Dwes\ProyectoVideoClub\Util\SoporteNoEncontradoException: No tienes alquilada esta peli cari ;D in /var/www/html/app/Dwes/ProyectoVideoClub/Cliente.php:135 Stack trace: #0 /var/www/html/inicio3.php(30): Dwes\ProyectoVideoClub\Cliente->devolver(1) #1 /var/www/html/mainCliente.php(14): include_once('/var/www/html/i...') #2 {main} [] []
[2021-11-22T12:44:18.759004+01:00] VideoclubLogger.INFO: Alquilado soporte God of War a: Amancio Ortega [] []
[2021-11-22T12:44:18.759429+01:00] VideoclubLogger.INFO: Alquilado soporte Smash Bros a: Amancio Ortega [] []
[2021-11-22T12:44:18.759834+01:00] VideoClubLogger-2.WARNING: Dwes\ProyectoVideoClub\Util\SoporteNoEncontradoException: Soporte no encontrado al realizar el alquiler in /var/www/html/app/Dwes/ProyectoVideoClub/VideoClub.php:143 Stack trace: #0 /var/www/html/inicio3.php(33): Dwes\ProyectoVideoClub\VideoClub->alquilaSocioProducto('0', '8') #1 /var/www/html/mainCliente.php(14): include_once('/var/www/html/i...') #2 {main} ["0","8"] []
[2021-11-22T12:44:18.774937+01:00] VideoClubLogger-2.WARNING: Dwes\ProyectoVideoClub\Util\SoporteYaAlquiladoException: Upsi está ya cogida cari :S. No quieres alquilar Salva a Willy ;D <br> in /var/www/html/app/Dwes/ProyectoVideoClub/VideoClub.php:146 Stack trace: #0 /var/www/html/inicio3.php(34): Dwes\ProyectoVideoClub\VideoClub->alquilaSocioProducto('1', '7') #1 /var/www/html/mainCliente.php(14): include_once('/var/www/html/i...') #2 {main} ["1","7"] []
[2021-11-22T12:44:18.775327+01:00] VideoClubLogger-2.WARNING: Dwes\ProyectoVideoClub\Util\SoporteYaAlquiladoException: El alquiler múltiple de estos productos no puede ser completado porque 7está alquilado in /var/www/html/app/Dwes/ProyectoVideoClub/VideoClub.php:173 Stack trace: #0 /var/www/html/inicio3.php(35): Dwes\ProyectoVideoClub\VideoClub->alquilarSocioProductos('0', Array) #1 /var/www/html/mainCliente.php(14): include_once('/var/www/html/i...') #2 {main} [{"Dwes\\ProyectoVideoClub\\Cliente":{"nombre":"Amancio Ortega"}},[7,0],7] []
[2021-11-22T12:44:33.681702+01:00] VideoClubLogger-2.INFO: Incluído soporte 0 [{"Dwes\\ProyectoVideoClub\\Juego":{"consola":"PS4","titulo":"God of War","alquilado":false}}] []
[2021-11-22T12:44:33.713075+01:00] VideoClubLogger-2.INFO: Incluído soporte 1 [{"Dwes\\ProyectoVideoClub\\Juego":{"consola":"PS4","titulo":"The Last of Us Part II","alquilado":false}}] []
[2021-11-22T12:44:33.722633+01:00] VideoClubLogger-2.INFO: Incluído soporte 2 [{"Dwes\\ProyectoVideoClub\\Dvd":{"idiomas":"es","titulo":"Torrente","alquilado":false}}] []
[2021-11-22T12:44:33.723147+01:00] VideoClubLogger-2.INFO: Incluído soporte 3 [{"Dwes\\ProyectoVideoClub\\Dvd":{"idiomas":"es,en,fr","titulo":"Origen","alquilado":false}}] []
[2021-11-22T12:44:33.723537+01:00] VideoClubLogger-2.INFO: Incluído soporte 4 [{"Dwes\\ProyectoVideoClub\\Dvd":{"idiomas":"es,en","titulo":"El Imperio Contraataca","alquilado":false}}] []
[2021-11-22T12:44:33.732238+01:00] VideoClubLogger-2.INFO: Incluído soporte 5 [{"Dwes\\ProyectoVideoClub\\CintaVideo":{"titulo":"Los cazafantasmas","alquilado":false}}] []
[2021-11-22T12:44:33.732794+01:00] VideoClubLogger-2.INFO: Incluído soporte 6 [{"Dwes\\ProyectoVideoClub\\CintaVideo":{"titulo":"El nombre de la Rosa","alquilado":false}}] []
[2021-11-22T12:44:33.733317+01:00] VideoClubLogger-2.INFO: Incluído soporte 7 [{"Dwes\\ProyectoVideoClub\\Juego":{"consola":"SW","titulo":"Smash Bros","alquilado":false}}] []
[2021-11-22T12:44:33.741645+01:00] VideoClubLogger-2.INFO: Incluído socio 0 [{"Dwes\\ProyectoVideoClub\\Cliente":{"nombre":"Amancio Ortega"}}] []
[2021-11-22T12:44:33.742016+01:00] VideoClubLogger-2.INFO: Incluído socio 1 [{"Dwes\\ProyectoVideoClub\\Cliente":{"nombre":"Pablo Picasso"}}] []
[2021-11-22T12:44:33.742396+01:00] VideoClubLogger-2.INFO: Incluído socio 2 [{"Dwes\\ProyectoVideoClub\\Cliente":{"nombre":"Cliente Feliz"}}] []
[2021-11-22T12:44:33.758416+01:00] VideoclubLogger.WARNING: Dwes\ProyectoVideoClub\Util\SoporteNoEncontradoException: No tienes alquilada esta peli cari ;D in /var/www/html/app/Dwes/ProyectoVideoClub/Cliente.php:135 Stack trace: #0 /var/www/html/inicio3.php(30): Dwes\ProyectoVideoClub\Cliente->devolver(1) #1 /var/www/html/mainAdmin.php(17): include_once('/var/www/html/i...') #2 {main} [] []
[2021-11-22T12:44:33.759242+01:00] VideoclubLogger.INFO: Alquilado soporte God of War a: Amancio Ortega [] []
[2021-11-22T12:44:33.759465+01:00] VideoclubLogger.INFO: Alquilado soporte Smash Bros a: Amancio Ortega [] []
[2021-11-22T12:44:33.759707+01:00] VideoClubLogger-2.WARNING: Dwes\ProyectoVideoClub\Util\SoporteNoEncontradoException: Soporte no encontrado al realizar el alquiler in /var/www/html/app/Dwes/ProyectoVideoClub/VideoClub.php:143 Stack trace: #0 /var/www/html/inicio3.php(33): Dwes\ProyectoVideoClub\VideoClub->alquilaSocioProducto('0', '8') #1 /var/www/html/mainAdmin.php(17): include_once('/var/www/html/i...') #2 {main} ["0","8"] []
[2021-11-22T12:44:33.766327+01:00] VideoClubLogger-2.WARNING: Dwes\ProyectoVideoClub\Util\SoporteYaAlquiladoException: Upsi está ya cogida cari :S. No quieres alquilar Salva a Willy ;D <br> in /var/www/html/app/Dwes/ProyectoVideoClub/VideoClub.php:146 Stack trace: #0 /var/www/html/inicio3.php(34): Dwes\ProyectoVideoClub\VideoClub->alquilaSocioProducto('1', '7') #1 /var/www/html/mainAdmin.php(17): include_once('/var/www/html/i...') #2 {main} ["1","7"] []
[2021-11-22T12:44:33.766568+01:00] VideoClubLogger-2.WARNING: Dwes\ProyectoVideoClub\Util\SoporteYaAlquiladoException: El alquiler múltiple de estos productos no puede ser completado porque 7está alquilado in /var/www/html/app/Dwes/ProyectoVideoClub/VideoClub.php:173 Stack trace: #0 /var/www/html/inicio3.php(35): Dwes\ProyectoVideoClub\VideoClub->alquilarSocioProductos('0', Array) #1 /var/www/html/mainAdmin.php(17): include_once('/var/www/html/i...') #2 {main} [{"Dwes\\ProyectoVideoClub\\Cliente":{"nombre":"Amancio Ortega"}},[7,0],7] []
[2021-11-22T12:44:51.845677+01:00] VideoClubLogger-2.INFO: Incluído soporte 0 [{"Dwes\\ProyectoVideoClub\\Juego":{"consola":"PS4","titulo":"God of War","alquilado":false}}] []
[2021-11-22T12:44:51.853064+01:00] VideoClubLogger-2.INFO: Incluído soporte 1 [{"Dwes\\ProyectoVideoClub\\Juego":{"consola":"PS4","titulo":"The Last of Us Part II","alquilado":false}}] []
[2021-11-22T12:44:51.866082+01:00] VideoClubLogger-2.INFO: Incluído soporte 2 [{"Dwes\\ProyectoVideoClub\\Dvd":{"idiomas":"es","titulo":"Torrente","alquilado":false}}] []
[2021-11-22T12:44:51.866505+01:00] VideoClubLogger-2.INFO: Incluído soporte 3 [{"Dwes\\ProyectoVideoClub\\Dvd":{"idiomas":"es,en,fr","titulo":"Origen","alquilado":false}}] []
[2021-11-22T12:44:51.866815+01:00] VideoClubLogger-2.INFO: Incluído soporte 4 [{"Dwes\\ProyectoVideoClub\\Dvd":{"idiomas":"es,en","titulo":"El Imperio Contraataca","alquilado":false}}] []
[2021-11-22T12:44:51.878019+01:00] VideoClubLogger-2.INFO: Incluído soporte 5 [{"Dwes\\ProyectoVideoClub\\CintaVideo":{"titulo":"Los cazafantasmas","alquilado":false}}] []
[2021-11-22T12:44:51.878402+01:00] VideoClubLogger-2.INFO: Incluído soporte 6 [{"Dwes\\ProyectoVideoClub\\CintaVideo":{"titulo":"El nombre de la Rosa","alquilado":false}}] []
[2021-11-22T12:44:51.878716+01:00] VideoClubLogger-2.INFO: Incluído soporte 7 [{"Dwes\\ProyectoVideoClub\\Juego":{"consola":"SW","titulo":"Smash Bros","alquilado":false}}] []
[2021-11-22T12:45:07.185339+01:00] VideoClubLogger-2.INFO: Incluído soporte 0 [{"Dwes\\ProyectoVideoClub\\Juego":{"consola":"PS4","titulo":"God of War","alquilado":false}}] []
[2021-11-22T12:45:07.200681+01:00] VideoClubLogger-2.INFO: Incluído soporte 1 [{"Dwes\\ProyectoVideoClub\\Juego":{"consola":"PS4","titulo":"The Last of Us Part II","alquilado":false}}] []
[2021-11-22T12:45:07.207722+01:00] VideoClubLogger-2.INFO: Incluído soporte 2 [{"Dwes\\ProyectoVideoClub\\Dvd":{"idiomas":"es","titulo":"Torrente","alquilado":false}}] []
[2021-11-22T12:45:07.208031+01:00] VideoClubLogger-2.INFO: Incluído soporte 3 [{"Dwes\\ProyectoVideoClub\\Dvd":{"idiomas":"es,en,fr","titulo":"Origen","alquilado":false}}] []
[2021-11-22T12:45:07.208235+01:00] VideoClubLogger-2.INFO: Incluído soporte 4 [{"Dwes\\ProyectoVideoClub\\Dvd":{"idiomas":"es,en","titulo":"El Imperio Contraataca","alquilado":false}}] []
[2021-11-22T12:45:07.217830+01:00] VideoClubLogger-2.INFO: Incluído soporte 5 [{"Dwes\\ProyectoVideoClub\\CintaVideo":{"titulo":"Los cazafantasmas","alquilado":false}}] []
[2021-11-22T12:45:07.218082+01:00] VideoClubLogger-2.INFO: Incluído soporte 6 [{"Dwes\\ProyectoVideoClub\\CintaVideo":{"titulo":"El nombre de la Rosa","alquilado":false}}] []
[2021-11-22T12:45:07.218301+01:00] VideoClubLogger-2.INFO: Incluído soporte 7 [{"Dwes\\ProyectoVideoClub\\Juego":{"consola":"SW","titulo":"Smash Bros","alquilado":false}}] []
[2021-11-22T12:45:11.486276+01:00] VideoClubLogger-2.INFO: Incluído soporte 0 [{"Dwes\\ProyectoVideoClub\\Juego":{"consola":"PS4","titulo":"God of War","alquilado":false}}] []
[2021-11-22T12:45:11.516539+01:00] VideoClubLogger-2.INFO: Incluído soporte 1 [{"Dwes\\ProyectoVideoClub\\Juego":{"consola":"PS4","titulo":"The Last of Us Part II","alquilado":false}}] []
[2021-11-22T12:45:11.521732+01:00] VideoClubLogger-2.INFO: Incluído soporte 2 [{"Dwes\\ProyectoVideoClub\\Dvd":{"idiomas":"es","titulo":"Torrente","alquilado":false}}] []
[2021-11-22T12:45:11.521970+01:00] VideoClubLogger-2.INFO: Incluído soporte 3 [{"Dwes\\ProyectoVideoClub\\Dvd":{"idiomas":"es,en,fr","titulo":"Origen","alquilado":false}}] []
[2021-11-22T12:45:11.522194+01:00] VideoClubLogger-2.INFO: Incluído soporte 4 [{"Dwes\\ProyectoVideoClub\\Dvd":{"idiomas":"es,en","titulo":"El Imperio Contraataca","alquilado":false}}] []
[2021-11-22T12:45:11.528076+01:00] VideoClubLogger-2.INFO: Incluído soporte 5 [{"Dwes\\ProyectoVideoClub\\CintaVideo":{"titulo":"Los cazafantasmas","alquilado":false}}] []
[2021-11-22T12:45:11.528358+01:00] VideoClubLogger-2.INFO: Incluído soporte 6 [{"Dwes\\ProyectoVideoClub\\CintaVideo":{"titulo":"El nombre de la Rosa","alquilado":false}}] []
[2021-11-22T12:45:11.528603+01:00] VideoClubLogger-2.INFO: Incluído soporte 7 [{"Dwes\\ProyectoVideoClub\\Juego":{"consola":"SW","titulo":"Smash Bros","alquilado":false}}] []
[2021-11-22T12:45:14.040593+01:00] VideoClubLogger-2.INFO: Incluído soporte 0 [{"Dwes\\ProyectoVideoClub\\Juego":{"consola":"PS4","titulo":"God of War","alquilado":false}}] []
[2021-11-22T12:45:14.058174+01:00] VideoClubLogger-2.INFO: Incluído soporte 1 [{"Dwes\\ProyectoVideoClub\\Juego":{"consola":"PS4","titulo":"The Last of Us Part II","alquilado":false}}] []
[2021-11-22T12:45:14.061649+01:00] VideoClubLogger-2.INFO: Incluído soporte 2 [{"Dwes\\ProyectoVideoClub\\Dvd":{"idiomas":"es","titulo":"Torrente","alquilado":false}}] []
[2021-11-22T12:45:14.061932+01:00] VideoClubLogger-2.INFO: Incluído soporte 3 [{"Dwes\\ProyectoVideoClub\\Dvd":{"idiomas":"es,en,fr","titulo":"Origen","alquilado":false}}] []
[2021-11-22T12:45:14.062207+01:00] VideoClubLogger-2.INFO: Incluído soporte 4 [{"Dwes\\ProyectoVideoClub\\Dvd":{"idiomas":"es,en","titulo":"El Imperio Contraataca","alquilado":false}}] []
[2021-11-22T12:45:14.067875+01:00] VideoClubLogger-2.INFO: Incluído soporte 5 [{"Dwes\\ProyectoVideoClub\\CintaVideo":{"titulo":"Los cazafantasmas","alquilado":false}}] []
[2021-11-22T12:45:14.068210+01:00] VideoClubLogger-2.INFO: Incluído soporte 6 [{"Dwes\\ProyectoVideoClub\\CintaVideo":{"titulo":"El nombre de la Rosa","alquilado":false}}] []
[2021-11-22T12:45:14.068483+01:00] VideoClubLogger-2.INFO: Incluído soporte 7 [{"Dwes\\ProyectoVideoClub\\Juego":{"consola":"SW","titulo":"Smash Bros","alquilado":false}}] []
[2021-11-22T12:45:22.327628+01:00] VideoClubLogger-2.INFO: Incluído soporte 0 [{"Dwes\\ProyectoVideoClub\\Juego":{"consola":"PS4","titulo":"God of War","alquilado":false}}] []
[2021-11-22T12:45:22.385856+01:00] VideoClubLogger-2.INFO: Incluído soporte 1 [{"Dwes\\ProyectoVideoClub\\Juego":{"consola":"PS4","titulo":"The Last of Us Part II","alquilado":false}}] []
[2021-11-22T12:45:22.395990+01:00] VideoClubLogger-2.INFO: Incluído soporte 2 [{"Dwes\\ProyectoVideoClub\\Dvd":{"idiomas":"es","titulo":"Torrente","alquilado":false}}] []
[2021-11-22T12:45:22.396303+01:00] VideoClubLogger-2.INFO: Incluído soporte 3 [{"Dwes\\ProyectoVideoClub\\Dvd":{"idiomas":"es,en,fr","titulo":"Origen","alquilado":false}}] []
[2021-11-22T12:45:22.396591+01:00] VideoClubLogger-2.INFO: Incluído soporte 4 [{"Dwes\\ProyectoVideoClub\\Dvd":{"idiomas":"es,en","titulo":"El Imperio Contraataca","alquilado":false}}] []
[2021-11-22T12:45:22.407661+01:00] VideoClubLogger-2.INFO: Incluído soporte 5 [{"Dwes\\ProyectoVideoClub\\CintaVideo":{"titulo":"Los cazafantasmas","alquilado":false}}] []
[2021-11-22T12:45:22.408096+01:00] VideoClubLogger-2.INFO: Incluído soporte 6 [{"Dwes\\ProyectoVideoClub\\CintaVideo":{"titulo":"El nombre de la Rosa","alquilado":false}}] []
[2021-11-22T12:45:22.408573+01:00] VideoClubLogger-2.INFO: Incluído soporte 7 [{"Dwes\\ProyectoVideoClub\\Juego":{"consola":"SW","titulo":"Smash Bros","alquilado":false}}] []
[2021-11-22T12:45:24.325802+01:00] VideoClubLogger-2.INFO: Incluído soporte 0 [{"Dwes\\ProyectoVideoClub\\Juego":{"consola":"PS4","titulo":"God of War","alquilado":false}}] []
[2021-11-22T12:45:24.350007+01:00] VideoClubLogger-2.INFO: Incluído soporte 1 [{"Dwes\\ProyectoVideoClub\\Juego":{"consola":"PS4","titulo":"The Last of Us Part II","alquilado":false}}] []
[2021-11-22T12:45:24.355550+01:00] VideoClubLogger-2.INFO: Incluído soporte 2 [{"Dwes\\ProyectoVideoClub\\Dvd":{"idiomas":"es","titulo":"Torrente","alquilado":false}}] []
[2021-11-22T12:45:24.355955+01:00] VideoClubLogger-2.INFO: Incluído soporte 3 [{"Dwes\\ProyectoVideoClub\\Dvd":{"idiomas":"es,en,fr","titulo":"Origen","alquilado":false}}] []
[2021-11-22T12:45:24.356340+01:00] VideoClubLogger-2.INFO: Incluído soporte 4 [{"Dwes\\ProyectoVideoClub\\Dvd":{"idiomas":"es,en","titulo":"El Imperio Contraataca","alquilado":false}}] []
[2021-11-22T12:45:24.362882+01:00] VideoClubLogger-2.INFO: Incluído soporte 5 [{"Dwes\\ProyectoVideoClub\\CintaVideo":{"titulo":"Los cazafantasmas","alquilado":false}}] []
[2021-11-22T12:45:24.363355+01:00] VideoClubLogger-2.INFO: Incluído soporte 6 [{"Dwes\\ProyectoVideoClub\\CintaVideo":{"titulo":"El nombre de la Rosa","alquilado":false}}] []
[2021-11-22T12:45:24.363701+01:00] VideoClubLogger-2.INFO: Incluído soporte 7 [{"Dwes\\ProyectoVideoClub\\Juego":{"consola":"SW","titulo":"Smash Bros","alquilado":false}}] []
[2021-11-22T12:45:34.861416+01:00] VideoClubLogger-2.INFO: Incluído soporte 0 [{"Dwes\\ProyectoVideoClub\\Juego":{"consola":"PS4","titulo":"God of War","alquilado":false}}] []
[2021-11-22T12:45:34.887866+01:00] VideoClubLogger-2.INFO: Incluído soporte 1 [{"Dwes\\ProyectoVideoClub\\Juego":{"consola":"PS4","titulo":"The Last of Us Part II","alquilado":false}}] []
[2021-11-22T12:45:34.894815+01:00] VideoClubLogger-2.INFO: Incluído soporte 2 [{"Dwes\\ProyectoVideoClub\\Dvd":{"idiomas":"es","titulo":"Torrente","alquilado":false}}] []
[2021-11-22T12:45:34.895125+01:00] VideoClubLogger-2.INFO: Incluído soporte 3 [{"Dwes\\ProyectoVideoClub\\Dvd":{"idiomas":"es,en,fr","titulo":"Origen","alquilado":false}}] []
[2021-11-22T12:45:34.895419+01:00] VideoClubLogger-2.INFO: Incluído soporte 4 [{"Dwes\\ProyectoVideoClub\\Dvd":{"idiomas":"es,en","titulo":"El Imperio Contraataca","alquilado":false}}] []
[2021-11-22T12:45:34.901010+01:00] VideoClubLogger-2.INFO: Incluído soporte 5 [{"Dwes\\ProyectoVideoClub\\CintaVideo":{"titulo":"Los cazafantasmas","alquilado":false}}] []
[2021-11-22T12:45:34.901228+01:00] VideoClubLogger-2.INFO: Incluído soporte 6 [{"Dwes\\ProyectoVideoClub\\CintaVideo":{"titulo":"El nombre de la Rosa","alquilado":false}}] []
[2021-11-22T12:45:34.901482+01:00] VideoClubLogger-2.INFO: Incluído soporte 7 [{"Dwes\\ProyectoVideoClub\\Juego":{"consola":"SW","titulo":"Smash Bros","alquilado":false}}] []
[2021-11-22T19:18:23.025112+01:00] VideoClubLogger-2.INFO: Incluído soporte 0 [{"Dwes\\ProyectoVideoClub\\Juego":{"consola":"PS4","titulo":"God of War","alquilado":false}}] []
[2021-11-22T19:18:23.082658+01:00] VideoClubLogger-2.INFO: Incluído soporte 1 [{"Dwes\\ProyectoVideoClub\\Juego":{"consola":"PS4","titulo":"The Last of Us Part II","alquilado":false}}] []
[2021-11-22T19:18:23.093623+01:00] VideoClubLogger-2.INFO: Incluído soporte 2 [{"Dwes\\ProyectoVideoClub\\Dvd":{"idiomas":"es","titulo":"Torrente","alquilado":false}}] []
[2021-11-22T19:18:23.093960+01:00] VideoClubLogger-2.INFO: Incluído soporte 3 [{"Dwes\\ProyectoVideoClub\\Dvd":{"idiomas":"es,en,fr","titulo":"Origen","alquilado":false}}] []
[2021-11-22T19:18:23.094266+01:00] VideoClubLogger-2.INFO: Incluído soporte 4 [{"Dwes\\ProyectoVideoClub\\Dvd":{"idiomas":"es,en","titulo":"El Imperio Contraataca","alquilado":false}}] []
[2021-11-22T19:18:23.106830+01:00] VideoClubLogger-2.INFO: Incluído soporte 5 [{"Dwes\\ProyectoVideoClub\\CintaVideo":{"titulo":"Los cazafantasmas","alquilado":false}}] []
[2021-11-22T19:18:23.107110+01:00] VideoClubLogger-2.INFO: Incluído soporte 6 [{"Dwes\\ProyectoVideoClub\\CintaVideo":{"titulo":"El nombre de la Rosa","alquilado":false}}] []
[2021-11-22T19:18:23.107364+01:00] VideoClubLogger-2.INFO: Incluído soporte 7 [{"Dwes\\ProyectoVideoClub\\Juego":{"consola":"SW","titulo":"Smash Bros","alquilado":false}}] []
[2021-11-22T19:18:23.123212+01:00] VideoClubLogger-2.INFO: Incluído socio 0 [{"Dwes\\ProyectoVideoClub\\Cliente":{"nombre":"Amancio Ortega"}}] []
[2021-11-22T19:18:23.123615+01:00] VideoClubLogger-2.INFO: Incluído socio 1 [{"Dwes\\ProyectoVideoClub\\Cliente":{"nombre":"Pablo Picasso"}}] []
[2021-11-22T19:18:23.124024+01:00] VideoClubLogger-2.INFO: Incluído socio 2 [{"Dwes\\ProyectoVideoClub\\Cliente":{"nombre":"Cliente Feliz"}}] []
[2021-11-22T19:18:23.156871+01:00] VideoclubLogger.WARNING: Dwes\ProyectoVideoClub\Util\SoporteNoEncontradoException: No tienes alquilada esta peli cari ;D in /var/www/html/app/Dwes/ProyectoVideoClub/Cliente.php:135 Stack trace: #0 /var/www/html/inicio3.php(30): Dwes\ProyectoVideoClub\Cliente->devolver(1) #1 /var/www/html/mainAdmin.php(17): include_once('/var/www/html/i...') #2 {main} [] []
[2021-11-22T19:18:23.157847+01:00] VideoclubLogger.INFO: Alquilado soporte God of War a: Amancio Ortega [] []
[2021-11-22T19:18:23.158107+01:00] VideoclubLogger.INFO: Alquilado soporte Smash Bros a: Amancio Ortega [] []
[2021-11-22T19:18:23.158342+01:00] VideoClubLogger-2.WARNING: Dwes\ProyectoVideoClub\Util\SoporteNoEncontradoException: Soporte no encontrado al realizar el alquiler in /var/www/html/app/Dwes/ProyectoVideoClub/VideoClub.php:143 Stack trace: #0 /var/www/html/inicio3.php(33): Dwes\ProyectoVideoClub\VideoClub->alquilaSocioProducto('0', '8') #1 /var/www/html/mainAdmin.php(17): include_once('/var/www/html/i...') #2 {main} ["0","8"] []
[2021-11-22T19:18:23.171626+01:00] VideoClubLogger-2.WARNING: Dwes\ProyectoVideoClub\Util\SoporteYaAlquiladoException: Upsi está ya cogida cari :S. No quieres alquilar Salva a Willy ;D <br> in /var/www/html/app/Dwes/ProyectoVideoClub/VideoClub.php:146 Stack trace: #0 /var/www/html/inicio3.php(34): Dwes\ProyectoVideoClub\VideoClub->alquilaSocioProducto('1', '7') #1 /var/www/html/mainAdmin.php(17): include_once('/var/www/html/i...') #2 {main} ["1","7"] []
[2021-11-22T19:18:23.171981+01:00] VideoClubLogger-2.WARNING: Dwes\ProyectoVideoClub\Util\SoporteYaAlquiladoException: El alquiler múltiple de estos productos no puede ser completado porque 7está alquilado in /var/www/html/app/Dwes/ProyectoVideoClub/VideoClub.php:173 Stack trace: #0 /var/www/html/inicio3.php(35): Dwes\ProyectoVideoClub\VideoClub->alquilarSocioProductos('0', Array) #1 /var/www/html/mainAdmin.php(17): include_once('/var/www/html/i...') #2 {main} [{"Dwes\\ProyectoVideoClub\\Cliente":{"nombre":"Amancio Ortega"}},[7,0],7] []
[2021-11-22T19:19:05.551068+01:00] VideoClubLogger-2.INFO: Incluído soporte 0 [{"Dwes\\ProyectoVideoClub\\Juego":{"consola":"PS4","titulo":"God of War","alquilado":false}}] []
[2021-11-22T19:19:05.558888+01:00] VideoClubLogger-2.INFO: Incluído soporte 1 [{"Dwes\\ProyectoVideoClub\\Juego":{"consola":"PS4","titulo":"The Last of Us Part II","alquilado":false}}] []
[2021-11-22T19:19:05.569778+01:00] VideoClubLogger-2.INFO: Incluído soporte 2 [{"Dwes\\ProyectoVideoClub\\Dvd":{"idiomas":"es","titulo":"Torrente","alquilado":false}}] []
[2021-11-22T19:19:05.570087+01:00] VideoClubLogger-2.INFO: Incluído soporte 3 [{"Dwes\\ProyectoVideoClub\\Dvd":{"idiomas":"es,en,fr","titulo":"Origen","alquilado":false}}] []
[2021-11-22T19:19:05.570435+01:00] VideoClubLogger-2.INFO: Incluído soporte 4 [{"Dwes\\ProyectoVideoClub\\Dvd":{"idiomas":"es,en","titulo":"El Imperio Contraataca","alquilado":false}}] []
[2021-11-22T19:19:05.583186+01:00] VideoClubLogger-2.INFO: Incluído soporte 5 [{"Dwes\\ProyectoVideoClub\\CintaVideo":{"titulo":"Los cazafantasmas","alquilado":false}}] []
[2021-11-22T19:19:05.583562+01:00] VideoClubLogger-2.INFO: Incluído soporte 6 [{"Dwes\\ProyectoVideoClub\\CintaVideo":{"titulo":"El nombre de la Rosa","alquilado":false}}] []
[2021-11-22T19:19:05.583907+01:00] VideoClubLogger-2.INFO: Incluído soporte 7 [{"Dwes\\ProyectoVideoClub\\Juego":{"consola":"SW","titulo":"Smash Bros","alquilado":false}}] []
[2021-11-22T19:19:09.296409+01:00] VideoClubLogger-2.INFO: Incluído soporte 0 [{"Dwes\\ProyectoVideoClub\\Juego":{"consola":"PS4","titulo":"God of War","alquilado":false}}] []
[2021-11-22T19:19:09.314015+01:00] VideoClubLogger-2.INFO: Incluído soporte 1 [{"Dwes\\ProyectoVideoClub\\Juego":{"consola":"PS4","titulo":"The Last of Us Part II","alquilado":false}}] []
[2021-11-22T19:19:09.320032+01:00] VideoClubLogger-2.INFO: Incluído soporte 2 [{"Dwes\\ProyectoVideoClub\\Dvd":{"idiomas":"es","titulo":"Torrente","alquilado":false}}] []
[2021-11-22T19:19:09.320331+01:00] VideoClubLogger-2.INFO: Incluído soporte 3 [{"Dwes\\ProyectoVideoClub\\Dvd":{"idiomas":"es,en,fr","titulo":"Origen","alquilado":false}}] []
[2021-11-22T19:19:09.320613+01:00] VideoClubLogger-2.INFO: Incluído soporte 4 [{"Dwes\\ProyectoVideoClub\\Dvd":{"idiomas":"es,en","titulo":"El Imperio Contraataca","alquilado":false}}] []
[2021-11-22T19:19:09.328099+01:00] VideoClubLogger-2.INFO: Incluído soporte 5 [{"Dwes\\ProyectoVideoClub\\CintaVideo":{"titulo":"Los cazafantasmas","alquilado":false}}] []
[2021-11-22T19:19:09.328395+01:00] VideoClubLogger-2.INFO: Incluído soporte 6 [{"Dwes\\ProyectoVideoClub\\CintaVideo":{"titulo":"El nombre de la Rosa","alquilado":false}}] []
[2021-11-22T19:19:09.328660+01:00] VideoClubLogger-2.INFO: Incluído soporte 7 [{"Dwes\\ProyectoVideoClub\\Juego":{"consola":"SW","titulo":"Smash Bros","alquilado":false}}] []
[2021-11-22T19:19:12.737675+01:00] VideoClubLogger-2.INFO: Incluído soporte 0 [{"Dwes\\ProyectoVideoClub\\Juego":{"consola":"PS4","titulo":"God of War","alquilado":false}}] []
[2021-11-22T19:19:12.769017+01:00] VideoClubLogger-2.INFO: Incluído soporte 1 [{"Dwes\\ProyectoVideoClub\\Juego":{"consola":"PS4","titulo":"The Last of Us Part II","alquilado":false}}] []
[2021-11-22T19:19:12.775595+01:00] VideoClubLogger-2.INFO: Incluído soporte 2 [{"Dwes\\ProyectoVideoClub\\Dvd":{"idiomas":"es","titulo":"Torrente","alquilado":false}}] []
[2021-11-22T19:19:12.775905+01:00] VideoClubLogger-2.INFO: Incluído soporte 3 [{"Dwes\\ProyectoVideoClub\\Dvd":{"idiomas":"es,en,fr","titulo":"Origen","alquilado":false}}] []
[2021-11-22T19:19:12.776290+01:00] VideoClubLogger-2.INFO: Incluído soporte 4 [{"Dwes\\ProyectoVideoClub\\Dvd":{"idiomas":"es,en","titulo":"El Imperio Contraataca","alquilado":false}}] []
[2021-11-22T19:19:12.782529+01:00] VideoClubLogger-2.INFO: Incluído soporte 5 [{"Dwes\\ProyectoVideoClub\\CintaVideo":{"titulo":"Los cazafantasmas","alquilado":false}}] []
[2021-11-22T19:19:12.782801+01:00] VideoClubLogger-2.INFO: Incluído soporte 6 [{"Dwes\\ProyectoVideoClub\\CintaVideo":{"titulo":"El nombre de la Rosa","alquilado":false}}] []
[2021-11-22T19:19:12.783071+01:00] VideoClubLogger-2.INFO: Incluído soporte 7 [{"Dwes\\ProyectoVideoClub\\Juego":{"consola":"SW","titulo":"Smash Bros","alquilado":false}}] []
[2021-11-22T19:20:21.924862+01:00] VideoClubLogger-2.INFO: Incluído soporte 0 [{"Dwes\\ProyectoVideoClub\\Juego":{"consola":"PS4","titulo":"God of War","alquilado":false}}] []
[2021-11-22T19:20:21.981150+01:00] VideoClubLogger-2.INFO: Incluído soporte 1 [{"Dwes\\ProyectoVideoClub\\Juego":{"consola":"PS4","titulo":"The Last of Us Part II","alquilado":false}}] []
[2021-11-22T19:20:21.990848+01:00] VideoClubLogger-2.INFO: Incluído soporte 2 [{"Dwes\\ProyectoVideoClub\\Dvd":{"idiomas":"es","titulo":"Torrente","alquilado":false}}] []
[2021-11-22T19:20:21.991150+01:00] VideoClubLogger-2.INFO: Incluído soporte 3 [{"Dwes\\ProyectoVideoClub\\Dvd":{"idiomas":"es,en,fr","titulo":"Origen","alquilado":false}}] []
[2021-11-22T19:20:21.991451+01:00] VideoClubLogger-2.INFO: Incluído soporte 4 [{"Dwes\\ProyectoVideoClub\\Dvd":{"idiomas":"es,en","titulo":"El Imperio Contraataca","alquilado":false}}] []
[2021-11-22T19:20:22.003229+01:00] VideoClubLogger-2.INFO: Incluído soporte 5 [{"Dwes\\ProyectoVideoClub\\CintaVideo":{"titulo":"Los cazafantasmas","alquilado":false}}] []
[2021-11-22T19:20:22.003554+01:00] VideoClubLogger-2.INFO: Incluído soporte 6 [{"Dwes\\ProyectoVideoClub\\CintaVideo":{"titulo":"El nombre de la Rosa","alquilado":false}}] []
[2021-11-22T19:20:22.003876+01:00] VideoClubLogger-2.INFO: Incluído soporte 7 [{"Dwes\\ProyectoVideoClub\\Juego":{"consola":"SW","titulo":"Smash Bros","alquilado":false}}] []
[2021-11-22T19:20:22.016424+01:00] VideoClubLogger-2.INFO: Incluído socio 0 [{"Dwes\\ProyectoVideoClub\\Cliente":{"nombre":"Amancio Ortega"}}] []
[2021-11-22T19:20:22.016838+01:00] VideoClubLogger-2.INFO: Incluído socio 1 [{"Dwes\\ProyectoVideoClub\\Cliente":{"nombre":"Pablo Picasso"}}] []
[2021-11-22T19:20:22.017168+01:00] VideoClubLogger-2.INFO: Incluído socio 2 [{"Dwes\\ProyectoVideoClub\\Cliente":{"nombre":"Cliente Feliz"}}] []
[2021-11-22T19:20:22.050901+01:00] VideoclubLogger.WARNING: Dwes\ProyectoVideoClub\Util\SoporteNoEncontradoException: No tienes alquilada esta peli cari ;D in /var/www/html/app/Dwes/ProyectoVideoClub/Cliente.php:135 Stack trace: #0 /var/www/html/inicio3.php(30): Dwes\ProyectoVideoClub\Cliente->devolver(1) #1 /var/www/html/mainAdmin.php(17): include_once('/var/www/html/i...') #2 {main} [] []
[2021-11-22T19:20:22.052360+01:00] VideoclubLogger.INFO: Alquilado soporte God of War a: Amancio Ortega [] []
[2021-11-22T19:20:22.052681+01:00] VideoclubLogger.INFO: Alquilado soporte Smash Bros a: Amancio Ortega [] []
[2021-11-22T19:20:22.052938+01:00] VideoClubLogger-2.WARNING: Dwes\ProyectoVideoClub\Util\SoporteNoEncontradoException: Soporte no encontrado al realizar el alquiler in /var/www/html/app/Dwes/ProyectoVideoClub/VideoClub.php:143 Stack trace: #0 /var/www/html/inicio3.php(33): Dwes\ProyectoVideoClub\VideoClub->alquilaSocioProducto('0', '8') #1 /var/www/html/mainAdmin.php(17): include_once('/var/www/html/i...') #2 {main} ["0","8"] []
[2021-11-22T19:20:22.065687+01:00] VideoClubLogger-2.WARNING: Dwes\ProyectoVideoClub\Util\SoporteYaAlquiladoException: Upsi está ya cogida cari :S. No quieres alquilar Salva a Willy ;D <br> in /var/www/html/app/Dwes/ProyectoVideoClub/VideoClub.php:146 Stack trace: #0 /var/www/html/inicio3.php(34): Dwes\ProyectoVideoClub\VideoClub->alquilaSocioProducto('1', '7') #1 /var/www/html/mainAdmin.php(17): include_once('/var/www/html/i...') #2 {main} ["1","7"] []
[2021-11-22T19:20:22.066027+01:00] VideoClubLogger-2.WARNING: Dwes\ProyectoVideoClub\Util\SoporteYaAlquiladoException: El alquiler múltiple de estos productos no puede ser completado porque 7está alquilado in /var/www/html/app/Dwes/ProyectoVideoClub/VideoClub.php:173 Stack trace: #0 /var/www/html/inicio3.php(35): Dwes\ProyectoVideoClub\VideoClub->alquilarSocioProductos('0', Array) #1 /var/www/html/mainAdmin.php(17): include_once('/var/www/html/i...') #2 {main} [{"Dwes\\ProyectoVideoClub\\Cliente":{"nombre":"Amancio Ortega"}},[7,0],7] []
[2021-11-22T19:21:19.396895+01:00] VideoClubLogger-2.INFO: Incluído soporte 0 [{"Dwes\\ProyectoVideoClub\\Juego":{"consola":"PS4","titulo":"God of War","alquilado":false}}] []
[2021-11-22T19:21:19.403503+01:00] VideoClubLogger-2.INFO: Incluído soporte 1 [{"Dwes\\ProyectoVideoClub\\Juego":{"consola":"PS4","titulo":"The Last of Us Part II","alquilado":false}}] []
[2021-11-22T19:21:19.413318+01:00] VideoClubLogger-2.INFO: Incluído soporte 2 [{"Dwes\\ProyectoVideoClub\\Dvd":{"idiomas":"es","titulo":"Torrente","alquilado":false}}] []
[2021-11-22T19:21:19.413632+01:00] VideoClubLogger-2.INFO: Incluído soporte 3 [{"Dwes\\ProyectoVideoClub\\Dvd":{"idiomas":"es,en,fr","titulo":"Origen","alquilado":false}}] []
[2021-11-22T19:21:19.413902+01:00] VideoClubLogger-2.INFO: Incluído soporte 4 [{"Dwes\\ProyectoVideoClub\\Dvd":{"idiomas":"es,en","titulo":"El Imperio Contraataca","alquilado":false}}] []
[2021-11-22T19:21:19.424481+01:00] VideoClubLogger-2.INFO: Incluído soporte 5 [{"Dwes\\ProyectoVideoClub\\CintaVideo":{"titulo":"Los cazafantasmas","alquilado":false}}] []
[2021-11-22T19:21:19.424771+01:00] VideoClubLogger-2.INFO: Incluído soporte 6 [{"Dwes\\ProyectoVideoClub\\CintaVideo":{"titulo":"El nombre de la Rosa","alquilado":false}}] []
[2021-11-22T19:21:19.425040+01:00] VideoClubLogger-2.INFO: Incluído soporte 7 [{"Dwes\\ProyectoVideoClub\\Juego":{"consola":"SW","titulo":"Smash Bros","alquilado":false}}] []
[2021-11-22T19:21:34.787855+01:00] VideoClubLogger-2.INFO: Incluído soporte 0 [{"Dwes\\ProyectoVideoClub\\Juego":{"consola":"PS4","titulo":"God of War","alquilado":false}}] []
[2021-11-22T19:21:34.794264+01:00] VideoClubLogger-2.INFO: Incluído soporte 1 [{"Dwes\\ProyectoVideoClub\\Juego":{"consola":"PS4","titulo":"The Last of Us Part II","alquilado":false}}] []
[2021-11-22T19:21:34.802672+01:00] VideoClubLogger-2.INFO: Incluído soporte 2 [{"Dwes\\ProyectoVideoClub\\Dvd":{"idiomas":"es","titulo":"Torrente","alquilado":false}}] []
[2021-11-22T19:21:34.802983+01:00] VideoClubLogger-2.INFO: Incluído soporte 3 [{"Dwes\\ProyectoVideoClub\\Dvd":{"idiomas":"es,en,fr","titulo":"Origen","alquilado":false}}] []
[2021-11-22T19:21:34.803226+01:00] VideoClubLogger-2.INFO: Incluído soporte 4 [{"Dwes\\ProyectoVideoClub\\Dvd":{"idiomas":"es,en","titulo":"El Imperio Contraataca","alquilado":false}}] []
[2021-11-22T19:21:34.812914+01:00] VideoClubLogger-2.INFO: Incluído soporte 5 [{"Dwes\\ProyectoVideoClub\\CintaVideo":{"titulo":"Los cazafantasmas","alquilado":false}}] []
[2021-11-22T19:21:34.813185+01:00] VideoClubLogger-2.INFO: Incluído soporte 6 [{"Dwes\\ProyectoVideoClub\\CintaVideo":{"titulo":"El nombre de la Rosa","alquilado":false}}] []
[2021-11-22T19:21:34.813484+01:00] VideoClubLogger-2.INFO: Incluído soporte 7 [{"Dwes\\ProyectoVideoClub\\Juego":{"consola":"SW","titulo":"Smash Bros","alquilado":false}}] []
[2021-11-22T19:23:31.085552+01:00] VideoClubLogger-2.INFO: Incluído soporte 0 [{"Dwes\\ProyectoVideoClub\\Juego":{"consola":"PS4","titulo":"God of War","alquilado":false}}] []
[2021-11-22T19:23:31.140851+01:00] VideoClubLogger-2.INFO: Incluído soporte 1 [{"Dwes\\ProyectoVideoClub\\Juego":{"consola":"PS4","titulo":"The Last of Us Part II","alquilado":false}}] []
[2021-11-22T19:23:31.151473+01:00] VideoClubLogger-2.INFO: Incluído soporte 2 [{"Dwes\\ProyectoVideoClub\\Dvd":{"idiomas":"es","titulo":"Torrente","alquilado":false}}] []
[2021-11-22T19:23:31.151838+01:00] VideoClubLogger-2.INFO: Incluído soporte 3 [{"Dwes\\ProyectoVideoClub\\Dvd":{"idiomas":"es,en,fr","titulo":"Origen","alquilado":false}}] []
[2021-11-22T19:23:31.152183+01:00] VideoClubLogger-2.INFO: Incluído soporte 4 [{"Dwes\\ProyectoVideoClub\\Dvd":{"idiomas":"es,en","titulo":"El Imperio Contraataca","alquilado":false}}] []
[2021-11-22T19:23:31.163555+01:00] VideoClubLogger-2.INFO: Incluído soporte 5 [{"Dwes\\ProyectoVideoClub\\CintaVideo":{"titulo":"Los cazafantasmas","alquilado":false}}] []
[2021-11-22T19:23:31.163849+01:00] VideoClubLogger-2.INFO: Incluído soporte 6 [{"Dwes\\ProyectoVideoClub\\CintaVideo":{"titulo":"El nombre de la Rosa","alquilado":false}}] []
[2021-11-22T19:23:31.164180+01:00] VideoClubLogger-2.INFO: Incluído soporte 7 [{"Dwes\\ProyectoVideoClub\\Juego":{"consola":"SW","titulo":"Smash Bros","alquilado":false}}] []
[2021-11-22T19:23:31.174894+01:00] VideoClubLogger-2.INFO: Incluído socio 0 [{"Dwes\\ProyectoVideoClub\\Cliente":{"nombre":"Amancio Ortega"}}] []
[2021-11-22T19:23:31.175318+01:00] VideoClubLogger-2.INFO: Incluído socio 1 [{"Dwes\\ProyectoVideoClub\\Cliente":{"nombre":"Pablo Picasso"}}] []
[2021-11-22T19:23:31.175660+01:00] VideoClubLogger-2.INFO: Incluído socio 2 [{"Dwes\\ProyectoVideoClub\\Cliente":{"nombre":"Cliente Feliz"}}] []
[2021-11-22T19:23:31.206103+01:00] VideoclubLogger.WARNING: Dwes\ProyectoVideoClub\Util\SoporteNoEncontradoException: No tienes alquilada esta peli cari ;D in /var/www/html/app/Dwes/ProyectoVideoClub/Cliente.php:135 Stack trace: #0 /var/www/html/inicio3.php(30): Dwes\ProyectoVideoClub\Cliente->devolver(1) #1 /var/www/html/mainAdmin.php(17): include_once('/var/www/html/i...') #2 {main} [] []
[2021-11-22T19:23:31.207316+01:00] VideoclubLogger.INFO: Alquilado soporte God of War a: Amancio Ortega [] []
[2021-11-22T19:23:31.207758+01:00] VideoclubLogger.INFO: Alquilado soporte Smash Bros a: Amancio Ortega [] []
[2021-11-22T19:23:31.208405+01:00] VideoClubLogger-2.WARNING: Dwes\ProyectoVideoClub\Util\SoporteNoEncontradoException: Soporte no encontrado al realizar el alquiler in /var/www/html/app/Dwes/ProyectoVideoClub/VideoClub.php:143 Stack trace: #0 /var/www/html/inicio3.php(33): Dwes\ProyectoVideoClub\VideoClub->alquilaSocioProducto('0', '8') #1 /var/www/html/mainAdmin.php(17): include_once('/var/www/html/i...') #2 {main} ["0","8"] []
[2021-11-22T19:23:31.222838+01:00] VideoClubLogger-2.WARNING: Dwes\ProyectoVideoClub\Util\SoporteYaAlquiladoException: Upsi está ya cogida cari :S. No quieres alquilar Salva a Willy ;D <br> in /var/www/html/app/Dwes/ProyectoVideoClub/VideoClub.php:146 Stack trace: #0 /var/www/html/inicio3.php(34): Dwes\ProyectoVideoClub\VideoClub->alquilaSocioProducto('1', '7') #1 /var/www/html/mainAdmin.php(17): include_once('/var/www/html/i...') #2 {main} ["1","7"] []
[2021-11-22T19:23:31.223203+01:00] VideoClubLogger-2.WARNING: Dwes\ProyectoVideoClub\Util\SoporteYaAlquiladoException: El alquiler múltiple de estos productos no puede ser completado porque 7está alquilado in /var/www/html/app/Dwes/ProyectoVideoClub/VideoClub.php:173 Stack trace: #0 /var/www/html/inicio3.php(35): Dwes\ProyectoVideoClub\VideoClub->alquilarSocioProductos('0', Array) #1 /var/www/html/mainAdmin.php(17): include_once('/var/www/html/i...') #2 {main} [{"Dwes\\ProyectoVideoClub\\Cliente":{"nombre":"Amancio Ortega"}},[7,0],7] []
[2021-11-22T19:26:20.863876+01:00] VideoClubLogger-2.INFO: Incluído soporte 0 [{"Dwes\\ProyectoVideoClub\\Juego":{"consola":"PS4","titulo":"God of War","alquilado":false}}] []
[2021-11-22T19:26:20.870645+01:00] VideoClubLogger-2.INFO: Incluído soporte 1 [{"Dwes\\ProyectoVideoClub\\Juego":{"consola":"PS4","titulo":"The Last of Us Part II","alquilado":false}}] []
[2021-11-22T19:26:20.881102+01:00] VideoClubLogger-2.INFO: Incluído soporte 2 [{"Dwes\\ProyectoVideoClub\\Dvd":{"idiomas":"es","titulo":"Torrente","alquilado":false}}] []
[2021-11-22T19:26:20.881601+01:00] VideoClubLogger-2.INFO: Incluído soporte 3 [{"Dwes\\ProyectoVideoClub\\Dvd":{"idiomas":"es,en,fr","titulo":"Origen","alquilado":false}}] []
[2021-11-22T19:26:20.881906+01:00] VideoClubLogger-2.INFO: Incluído soporte 4 [{"Dwes\\ProyectoVideoClub\\Dvd":{"idiomas":"es,en","titulo":"El Imperio Contraataca","alquilado":false}}] []
[2021-11-22T19:26:20.892272+01:00] VideoClubLogger-2.INFO: Incluído soporte 5 [{"Dwes\\ProyectoVideoClub\\CintaVideo":{"titulo":"Los cazafantasmas","alquilado":false}}] []
[2021-11-22T19:26:20.892522+01:00] VideoClubLogger-2.INFO: Incluído soporte 6 [{"Dwes\\ProyectoVideoClub\\CintaVideo":{"titulo":"El nombre de la Rosa","alquilado":false}}] []
[2021-11-22T19:26:20.892818+01:00] VideoClubLogger-2.INFO: Incluído soporte 7 [{"Dwes\\ProyectoVideoClub\\Juego":{"consola":"SW","titulo":"Smash Bros","alquilado":false}}] []
[2021-11-22T19:33:58.246997+01:00] VideoClubLogger-2.INFO: Incluído soporte 0 [{"Dwes\\ProyectoVideoClub\\Juego":{"consola":"PS4","titulo":"God of War","alquilado":false}}] []
[2021-11-22T19:33:58.253894+01:00] VideoClubLogger-2.INFO: Incluído soporte 1 [{"Dwes\\ProyectoVideoClub\\Juego":{"consola":"PS4","titulo":"The Last of Us Part II","alquilado":false}}] []
[2021-11-22T19:33:58.265362+01:00] VideoClubLogger-2.INFO: Incluído soporte 2 [{"Dwes\\ProyectoVideoClub\\Dvd":{"idiomas":"es","titulo":"Torrente","alquilado":false}}] []
[2021-11-22T19:33:58.265707+01:00] VideoClubLogger-2.INFO: Incluído soporte 3 [{"Dwes\\ProyectoVideoClub\\Dvd":{"idiomas":"es,en,fr","titulo":"Origen","alquilado":false}}] []
[2021-11-22T19:33:58.266004+01:00] VideoClubLogger-2.INFO: Incluído soporte 4 [{"Dwes\\ProyectoVideoClub\\Dvd":{"idiomas":"es,en","titulo":"El Imperio Contraataca","alquilado":false}}] []
[2021-11-22T19:33:58.275737+01:00] VideoClubLogger-2.INFO: Incluído soporte 5 [{"Dwes\\ProyectoVideoClub\\CintaVideo":{"titulo":"Los cazafantasmas","alquilado":false}}] []
[2021-11-22T19:33:58.276089+01:00] VideoClubLogger-2.INFO: Incluído soporte 6 [{"Dwes\\ProyectoVideoClub\\CintaVideo":{"titulo":"El nombre de la Rosa","alquilado":false}}] []
[2021-11-22T19:33:58.276321+01:00] VideoClubLogger-2.INFO: Incluído soporte 7 [{"Dwes\\ProyectoVideoClub\\Juego":{"consola":"SW","titulo":"Smash Bros","alquilado":false}}] []
[2021-11-22T19:58:55.516129+01:00] VideoClubLogger-2.INFO: Incluído soporte 0 [{"Dwes\\ProyectoVideoClub\\Juego":{"consola":"PS4","titulo":"God of War","alquilado":false}}] []
[2021-11-22T19:58:55.521471+01:00] VideoClubLogger-2.INFO: Incluído soporte 1 [{"Dwes\\ProyectoVideoClub\\Juego":{"consola":"PS4","titulo":"The Last of Us Part II","alquilado":false}}] []
[2021-11-22T19:58:55.530764+01:00] VideoClubLogger-2.INFO: Incluído soporte 2 [{"Dwes\\ProyectoVideoClub\\Dvd":{"idiomas":"es","titulo":"Torrente","alquilado":false}}] []
[2021-11-22T19:58:55.531033+01:00] VideoClubLogger-2.INFO: Incluído soporte 3 [{"Dwes\\ProyectoVideoClub\\Dvd":{"idiomas":"es,en,fr","titulo":"Origen","alquilado":false}}] []
[2021-11-22T19:58:55.531352+01:00] VideoClubLogger-2.INFO: Incluído soporte 4 [{"Dwes\\ProyectoVideoClub\\Dvd":{"idiomas":"es,en","titulo":"El Imperio Contraataca","alquilado":false}}] []
[2021-11-22T19:58:55.541294+01:00] VideoClubLogger-2.INFO: Incluído soporte 5 [{"Dwes\\ProyectoVideoClub\\CintaVideo":{"titulo":"Los cazafantasmas","alquilado":false}}] []
[2021-11-22T19:58:55.541588+01:00] VideoClubLogger-2.INFO: Incluído soporte 6 [{"Dwes\\ProyectoVideoClub\\CintaVideo":{"titulo":"El nombre de la Rosa","alquilado":false}}] []
[2021-11-22T19:58:55.541840+01:00] VideoClubLogger-2.INFO: Incluído soporte 7 [{"Dwes\\ProyectoVideoClub\\Juego":{"consola":"SW","titulo":"Smash Bros","alquilado":false}}] []
[2021-11-22T19:59:04.289642+01:00] VideoClubLogger-2.INFO: Incluído soporte 0 [{"Dwes\\ProyectoVideoClub\\Juego":{"consola":"PS4","titulo":"God of War","alquilado":false}}] []
[2021-11-22T19:59:04.296622+01:00] VideoClubLogger-2.INFO: Incluído soporte 1 [{"Dwes\\ProyectoVideoClub\\Juego":{"consola":"PS4","titulo":"The Last of Us Part II","alquilado":false}}] []
[2021-11-22T19:59:04.306400+01:00] VideoClubLogger-2.INFO: Incluído soporte 2 [{"Dwes\\ProyectoVideoClub\\Dvd":{"idiomas":"es","titulo":"Torrente","alquilado":false}}] []
[2021-11-22T19:59:04.306643+01:00] VideoClubLogger-2.INFO: Incluído soporte 3 [{"Dwes\\ProyectoVideoClub\\Dvd":{"idiomas":"es,en,fr","titulo":"Origen","alquilado":false}}] []
[2021-11-22T19:59:04.306920+01:00] VideoClubLogger-2.INFO: Incluído soporte 4 [{"Dwes\\ProyectoVideoClub\\Dvd":{"idiomas":"es,en","titulo":"El Imperio Contraataca","alquilado":false}}] []
[2021-11-22T19:59:04.316066+01:00] VideoClubLogger-2.INFO: Incluído soporte 5 [{"Dwes\\ProyectoVideoClub\\CintaVideo":{"titulo":"Los cazafantasmas","alquilado":false}}] []
[2021-11-22T19:59:04.316327+01:00] VideoClubLogger-2.INFO: Incluído soporte 6 [{"Dwes\\ProyectoVideoClub\\CintaVideo":{"titulo":"El nombre de la Rosa","alquilado":false}}] []
[2021-11-22T19:59:04.316566+01:00] VideoClubLogger-2.INFO: Incluído soporte 7 [{"Dwes\\ProyectoVideoClub\\Juego":{"consola":"SW","titulo":"Smash Bros","alquilado":false}}] []
[2021-11-22T19:59:09.379489+01:00] VideoClubLogger-2.INFO: Incluído soporte 0 [{"Dwes\\ProyectoVideoClub\\Juego":{"consola":"PS4","titulo":"God of War","alquilado":false}}] []
[2021-11-22T19:59:09.383612+01:00] VideoClubLogger-2.INFO: Incluído soporte 1 [{"Dwes\\ProyectoVideoClub\\Juego":{"consola":"PS4","titulo":"The Last of Us Part II","alquilado":false}}] []
[2021-11-22T19:59:09.390999+01:00] VideoClubLogger-2.INFO: Incluído soporte 2 [{"Dwes\\ProyectoVideoClub\\Dvd":{"idiomas":"es","titulo":"Torrente","alquilado":false}}] []
[2021-11-22T19:59:09.391322+01:00] VideoClubLogger-2.INFO: Incluído soporte 3 [{"Dwes\\ProyectoVideoClub\\Dvd":{"idiomas":"es,en,fr","titulo":"Origen","alquilado":false}}] []
[2021-11-22T19:59:09.391619+01:00] VideoClubLogger-2.INFO: Incluído soporte 4 [{"Dwes\\ProyectoVideoClub\\Dvd":{"idiomas":"es,en","titulo":"El Imperio Contraataca","alquilado":false}}] []
[2021-11-22T19:59:09.398652+01:00] VideoClubLogger-2.INFO: Incluído soporte 5 [{"Dwes\\ProyectoVideoClub\\CintaVideo":{"titulo":"Los cazafantasmas","alquilado":false}}] []
[2021-11-22T19:59:09.398936+01:00] VideoClubLogger-2.INFO: Incluído soporte 6 [{"Dwes\\ProyectoVideoClub\\CintaVideo":{"titulo":"El nombre de la Rosa","alquilado":false}}] []
[2021-11-22T19:59:09.399202+01:00] VideoClubLogger-2.INFO: Incluído soporte 7 [{"Dwes\\ProyectoVideoClub\\Juego":{"consola":"SW","titulo":"Smash Bros","alquilado":false}}] []
[2021-11-22T19:59:10.250122+01:00] VideoClubLogger-2.INFO: Incluído soporte 0 [{"Dwes\\ProyectoVideoClub\\Juego":{"consola":"PS4","titulo":"God of War","alquilado":false}}] []
[2021-11-22T19:59:10.253491+01:00] VideoClubLogger-2.INFO: Incluído soporte 1 [{"Dwes\\ProyectoVideoClub\\Juego":{"consola":"PS4","titulo":"The Last of Us Part II","alquilado":false}}] []
[2021-11-22T19:59:10.258387+01:00] VideoClubLogger-2.INFO: Incluído soporte 2 [{"Dwes\\ProyectoVideoClub\\Dvd":{"idiomas":"es","titulo":"Torrente","alquilado":false}}] []
[2021-11-22T19:59:10.258658+01:00] VideoClubLogger-2.INFO: Incluído soporte 3 [{"Dwes\\ProyectoVideoClub\\Dvd":{"idiomas":"es,en,fr","titulo":"Origen","alquilado":false}}] []
[2021-11-22T19:59:10.258901+01:00] VideoClubLogger-2.INFO: Incluído soporte 4 [{"Dwes\\ProyectoVideoClub\\Dvd":{"idiomas":"es,en","titulo":"El Imperio Contraataca","alquilado":false}}] []
[2021-11-22T19:59:10.263270+01:00] VideoClubLogger-2.INFO: Incluído soporte 5 [{"Dwes\\ProyectoVideoClub\\CintaVideo":{"titulo":"Los cazafantasmas","alquilado":false}}] []
[2021-11-22T19:59:10.263517+01:00] VideoClubLogger-2.INFO: Incluído soporte 6 [{"Dwes\\ProyectoVideoClub\\CintaVideo":{"titulo":"El nombre de la Rosa","alquilado":false}}] []
[2021-11-22T19:59:10.263745+01:00] VideoClubLogger-2.INFO: Incluído soporte 7 [{"Dwes\\ProyectoVideoClub\\Juego":{"consola":"SW","titulo":"Smash Bros","alquilado":false}}] []
[2021-11-22T20:31:23.646382+01:00] VideoClubLogger-2.INFO: Incluído soporte 0 [{"Dwes\\ProyectoVideoClub\\Juego":{"consola":"PS4","titulo":"God of War","alquilado":false}}] []
[2021-11-22T20:31:23.652504+01:00] VideoClubLogger-2.INFO: Incluído soporte 1 [{"Dwes\\ProyectoVideoClub\\Juego":{"consola":"PS4","titulo":"The Last of Us Part II","alquilado":false}}] []
[2021-11-22T20:31:23.662294+01:00] VideoClubLogger-2.INFO: Incluído soporte 2 [{"Dwes\\ProyectoVideoClub\\Dvd":{"idiomas":"es","titulo":"Torrente","alquilado":false}}] []
[2021-11-22T20:31:23.662836+01:00] VideoClubLogger-2.INFO: Incluído soporte 3 [{"Dwes\\ProyectoVideoClub\\Dvd":{"idiomas":"es,en,fr","titulo":"Origen","alquilado":false}}] []
[2021-11-22T20:31:23.663203+01:00] VideoClubLogger-2.INFO: Incluído soporte 4 [{"Dwes\\ProyectoVideoClub\\Dvd":{"idiomas":"es,en","titulo":"El Imperio Contraataca","alquilado":false}}] []
[2021-11-22T20:31:23.673366+01:00] VideoClubLogger-2.INFO: Incluído soporte 5 [{"Dwes\\ProyectoVideoClub\\CintaVideo":{"titulo":"Los cazafantasmas","alquilado":false}}] []
[2021-11-22T20:31:23.673665+01:00] VideoClubLogger-2.INFO: Incluído soporte 6 [{"Dwes\\ProyectoVideoClub\\CintaVideo":{"titulo":"El nombre de la Rosa","alquilado":false}}] []
[2021-11-22T20:31:23.673932+01:00] VideoClubLogger-2.INFO: Incluído soporte 7 [{"Dwes\\ProyectoVideoClub\\Juego":{"consola":"SW","titulo":"Smash Bros","alquilado":false}}] []
[2021-11-22T20:31:29.795656+01:00] VideoClubLogger-2.INFO: Incluído soporte 0 [{"Dwes\\ProyectoVideoClub\\Juego":{"consola":"PS4","titulo":"God of War","alquilado":false}}] []
[2021-11-22T20:31:29.827190+01:00] VideoClubLogger-2.INFO: Incluído soporte 1 [{"Dwes\\ProyectoVideoClub\\Juego":{"consola":"PS4","titulo":"The Last of Us Part II","alquilado":false}}] []
[2021-11-22T20:31:29.835267+01:00] VideoClubLogger-2.INFO: Incluído soporte 2 [{"Dwes\\ProyectoVideoClub\\Dvd":{"idiomas":"es","titulo":"Torrente","alquilado":false}}] []
[2021-11-22T20:31:29.835708+01:00] VideoClubLogger-2.INFO: Incluído soporte 3 [{"Dwes\\ProyectoVideoClub\\Dvd":{"idiomas":"es,en,fr","titulo":"Origen","alquilado":false}}] []
[2021-11-22T20:31:29.836149+01:00] VideoClubLogger-2.INFO: Incluído soporte 4 [{"Dwes\\ProyectoVideoClub\\Dvd":{"idiomas":"es,en","titulo":"El Imperio Contraataca","alquilado":false}}] []
[2021-11-22T20:31:29.847537+01:00] VideoClubLogger-2.INFO: Incluído soporte 5 [{"Dwes\\ProyectoVideoClub\\CintaVideo":{"titulo":"Los cazafantasmas","alquilado":false}}] []
[2021-11-22T20:31:29.847967+01:00] VideoClubLogger-2.INFO: Incluído soporte 6 [{"Dwes\\ProyectoVideoClub\\CintaVideo":{"titulo":"El nombre de la Rosa","alquilado":false}}] []
[2021-11-22T20:31:29.848384+01:00] VideoClubLogger-2.INFO: Incluído soporte 7 [{"Dwes\\ProyectoVideoClub\\Juego":{"consola":"SW","titulo":"Smash Bros","alquilado":false}}] []
[2021-11-22T20:31:29.857895+01:00] VideoClubLogger-2.INFO: Incluído socio 0 [{"Dwes\\ProyectoVideoClub\\Cliente":{"nombre":"Amancio Ortega"}}] []
[2021-11-22T20:31:29.858280+01:00] VideoClubLogger-2.INFO: Incluído socio 1 [{"Dwes\\ProyectoVideoClub\\Cliente":{"nombre":"Pablo Picasso"}}] []
[2021-11-22T20:31:29.858662+01:00] VideoClubLogger-2.INFO: Incluído socio 2 [{"Dwes\\ProyectoVideoClub\\Cliente":{"nombre":"Cliente Feliz"}}] []
[2021-11-22T20:31:29.891175+01:00] VideoclubLogger.WARNING: Dwes\ProyectoVideoClub\Util\SoporteNoEncontradoException: No tienes alquilada esta peli cari ;D in /var/www/html/app/Dwes/ProyectoVideoClub/Cliente.php:135 Stack trace: #0 /var/www/html/inicio3.php(30): Dwes\ProyectoVideoClub\Cliente->devolver(1) #1 /var/www/html/mainAdmin.php(17): include_once('/var/www/html/i...') #2 {main} [] []
[2021-11-22T20:31:29.892070+01:00] VideoclubLogger.INFO: Alquilado soporte God of War a: Amancio Ortega [] []
[2021-11-22T20:31:29.892530+01:00] VideoclubLogger.INFO: Alquilado soporte Smash Bros a: Amancio Ortega [] []
[2021-11-22T20:31:29.892966+01:00] VideoClubLogger-2.WARNING: Dwes\ProyectoVideoClub\Util\SoporteNoEncontradoException: Soporte no encontrado al realizar el alquiler in /var/www/html/app/Dwes/ProyectoVideoClub/VideoClub.php:143 Stack trace: #0 /var/www/html/inicio3.php(33): Dwes\ProyectoVideoClub\VideoClub->alquilaSocioProducto('0', '8') #1 /var/www/html/mainAdmin.php(17): include_once('/var/www/html/i...') #2 {main} ["0","8"] []
[2021-11-22T20:31:29.906325+01:00] VideoClubLogger-2.WARNING: Dwes\ProyectoVideoClub\Util\SoporteYaAlquiladoException: Upsi está ya cogida cari :S. No quieres alquilar Salva a Willy ;D <br> in /var/www/html/app/Dwes/ProyectoVideoClub/VideoClub.php:146 Stack trace: #0 /var/www/html/inicio3.php(34): Dwes\ProyectoVideoClub\VideoClub->alquilaSocioProducto('1', '7') #1 /var/www/html/mainAdmin.php(17): include_once('/var/www/html/i...') #2 {main} ["1","7"] []
[2021-11-22T20:31:29.906633+01:00] VideoClubLogger-2.WARNING: Dwes\ProyectoVideoClub\Util\SoporteYaAlquiladoException: El alquiler múltiple de estos productos no puede ser completado porque 7está alquilado in /var/www/html/app/Dwes/ProyectoVideoClub/VideoClub.php:173 Stack trace: #0 /var/www/html/inicio3.php(35): Dwes\ProyectoVideoClub\VideoClub->alquilarSocioProductos('0', Array) #1 /var/www/html/mainAdmin.php(17): include_once('/var/www/html/i...') #2 {main} [{"Dwes\\ProyectoVideoClub\\Cliente":{"nombre":"Amancio Ortega"}},[7,0],7] []
[2021-11-22T20:31:53.632437+01:00] VideoClubLogger-2.INFO: Incluído soporte 0 [{"Dwes\\ProyectoVideoClub\\Juego":{"consola":"PS4","titulo":"God of War","alquilado":false}}] []
[2021-11-22T20:31:53.638122+01:00] VideoClubLogger-2.INFO: Incluído soporte 1 [{"Dwes\\ProyectoVideoClub\\Juego":{"consola":"PS4","titulo":"The Last of Us Part II","alquilado":false}}] []
[2021-11-22T20:31:53.646352+01:00] VideoClubLogger-2.INFO: Incluído soporte 2 [{"Dwes\\ProyectoVideoClub\\Dvd":{"idiomas":"es","titulo":"Torrente","alquilado":false}}] []
[2021-11-22T20:31:53.646625+01:00] VideoClubLogger-2.INFO: Incluído soporte 3 [{"Dwes\\ProyectoVideoClub\\Dvd":{"idiomas":"es,en,fr","titulo":"Origen","alquilado":false}}] []
[2021-11-22T20:31:53.646840+01:00] VideoClubLogger-2.INFO: Incluído soporte 4 [{"Dwes\\ProyectoVideoClub\\Dvd":{"idiomas":"es,en","titulo":"El Imperio Contraataca","alquilado":false}}] []
[2021-11-22T20:31:53.657310+01:00] VideoClubLogger-2.INFO: Incluído soporte 5 [{"Dwes\\ProyectoVideoClub\\CintaVideo":{"titulo":"Los cazafantasmas","alquilado":false}}] []
[2021-11-22T20:31:53.657615+01:00] VideoClubLogger-2.INFO: Incluído soporte 6 [{"Dwes\\ProyectoVideoClub\\CintaVideo":{"titulo":"El nombre de la Rosa","alquilado":false}}] []
[2021-11-22T20:31:53.657932+01:00] VideoClubLogger-2.INFO: Incluído soporte 7 [{"Dwes\\ProyectoVideoClub\\Juego":{"consola":"SW","titulo":"Smash Bros","alquilado":false}}] []
[2021-11-22T20:32:00.691501+01:00] VideoClubLogger-2.INFO: Incluído soporte 0 [{"Dwes\\ProyectoVideoClub\\Juego":{"consola":"PS4","titulo":"God of War","alquilado":false}}] []
[2021-11-22T20:32:00.698690+01:00] VideoClubLogger-2.INFO: Incluído soporte 1 [{"Dwes\\ProyectoVideoClub\\Juego":{"consola":"PS4","titulo":"The Last of Us Part II","alquilado":false}}] []
[2021-11-22T20:32:00.709208+01:00] VideoClubLogger-2.INFO: Incluído soporte 2 [{"Dwes\\ProyectoVideoClub\\Dvd":{"idiomas":"es","titulo":"Torrente","alquilado":false}}] []
[2021-11-22T20:32:00.709497+01:00] VideoClubLogger-2.INFO: Incluído soporte 3 [{"Dwes\\ProyectoVideoClub\\Dvd":{"idiomas":"es,en,fr","titulo":"Origen","alquilado":false}}] []
[2021-11-22T20:32:00.709781+01:00] VideoClubLogger-2.INFO: Incluído soporte 4 [{"Dwes\\ProyectoVideoClub\\Dvd":{"idiomas":"es,en","titulo":"El Imperio Contraataca","alquilado":false}}] []
[2021-11-22T20:32:00.721832+01:00] VideoClubLogger-2.INFO: Incluído soporte 5 [{"Dwes\\ProyectoVideoClub\\CintaVideo":{"titulo":"Los cazafantasmas","alquilado":false}}] []
[2021-11-22T20:32:00.722228+01:00] VideoClubLogger-2.INFO: Incluído soporte 6 [{"Dwes\\ProyectoVideoClub\\CintaVideo":{"titulo":"El nombre de la Rosa","alquilado":false}}] []
[2021-11-22T20:32:00.722572+01:00] VideoClubLogger-2.INFO: Incluído soporte 7 [{"Dwes\\ProyectoVideoClub\\Juego":{"consola":"SW","titulo":"Smash Bros","alquilado":false}}] []
[2021-11-22T20:32:03.850643+01:00] VideoClubLogger-2.INFO: Incluído soporte 0 [{"Dwes\\ProyectoVideoClub\\Juego":{"consola":"PS4","titulo":"God of War","alquilado":false}}] []
[2021-11-22T20:32:03.854564+01:00] VideoClubLogger-2.INFO: Incluído soporte 1 [{"Dwes\\ProyectoVideoClub\\Juego":{"consola":"PS4","titulo":"The Last of Us Part II","alquilado":false}}] []
[2021-11-22T20:32:03.862283+01:00] VideoClubLogger-2.INFO: Incluído soporte 2 [{"Dwes\\ProyectoVideoClub\\Dvd":{"idiomas":"es","titulo":"Torrente","alquilado":false}}] []
[2021-11-22T20:32:03.862675+01:00] VideoClubLogger-2.INFO: Incluído soporte 3 [{"Dwes\\ProyectoVideoClub\\Dvd":{"idiomas":"es,en,fr","titulo":"Origen","alquilado":false}}] []
[2021-11-22T20:32:03.863007+01:00] VideoClubLogger-2.INFO: Incluído soporte 4 [{"Dwes\\ProyectoVideoClub\\Dvd":{"idiomas":"es,en","titulo":"El Imperio Contraataca","alquilado":false}}] []
[2021-11-22T20:32:03.871859+01:00] VideoClubLogger-2.INFO: Incluído soporte 5 [{"Dwes\\ProyectoVideoClub\\CintaVideo":{"titulo":"Los cazafantasmas","alquilado":false}}] []
[2021-11-22T20:32:03.872312+01:00] VideoClubLogger-2.INFO: Incluído soporte 6 [{"Dwes\\ProyectoVideoClub\\CintaVideo":{"titulo":"El nombre de la Rosa","alquilado":false}}] []
[2021-11-22T20:32:03.872680+01:00] VideoClubLogger-2.INFO: Incluído soporte 7 [{"Dwes\\ProyectoVideoClub\\Juego":{"consola":"SW","titulo":"Smash Bros","alquilado":false}}] []
[2021-11-22T20:32:06.293243+01:00] VideoClubLogger-2.INFO: Incluído soporte 0 [{"Dwes\\ProyectoVideoClub\\Juego":{"consola":"PS4","titulo":"God of War","alquilado":false}}] []
[2021-11-22T20:32:06.323273+01:00] VideoClubLogger-2.INFO: Incluído soporte 1 [{"Dwes\\ProyectoVideoClub\\Juego":{"consola":"PS4","titulo":"The Last of Us Part II","alquilado":false}}] []
[2021-11-22T20:32:06.329957+01:00] VideoClubLogger-2.INFO: Incluído soporte 2 [{"Dwes\\ProyectoVideoClub\\Dvd":{"idiomas":"es","titulo":"Torrente","alquilado":false}}] []
[2021-11-22T20:32:06.330270+01:00] VideoClubLogger-2.INFO: Incluído soporte 3 [{"Dwes\\ProyectoVideoClub\\Dvd":{"idiomas":"es,en,fr","titulo":"Origen","alquilado":false}}] []
[2021-11-22T20:32:06.330575+01:00] VideoClubLogger-2.INFO: Incluído soporte 4 [{"Dwes\\ProyectoVideoClub\\Dvd":{"idiomas":"es,en","titulo":"El Imperio Contraataca","alquilado":false}}] []
[2021-11-22T20:32:06.336839+01:00] VideoClubLogger-2.INFO: Incluído soporte 5 [{"Dwes\\ProyectoVideoClub\\CintaVideo":{"titulo":"Los cazafantasmas","alquilado":false}}] []
[2021-11-22T20:32:06.337117+01:00] VideoClubLogger-2.INFO: Incluído soporte 6 [{"Dwes\\ProyectoVideoClub\\CintaVideo":{"titulo":"El nombre de la Rosa","alquilado":false}}] []
[2021-11-22T20:32:06.337406+01:00] VideoClubLogger-2.INFO: Incluído soporte 7 [{"Dwes\\ProyectoVideoClub\\Juego":{"consola":"SW","titulo":"Smash Bros","alquilado":false}}] []
